<!DOCTYPE html PUBLIC "-//W3C//DTD XHTML 1.1//EN" "http://www.w3.org/TR/xhtml11/DTD/xhtml11.dtd">
<html xmlns="http://www.w3.org/1999/xhtml">
<head>
<meta http-equiv="content-type" content="text/html; charset=UTF-8"/>
<title>TestNG Report</title>
<style type="text/css">table {margin-bottom:10px;border-collapse:collapse;empty-cells:show}th,td {border:1px solid #009;padding:.25em .5em}th {vertical-align:bottom}td {vertical-align:top}table a {font-weight:bold}.stripe td {background-color: #E6EBF9}.num {text-align:right}.passedodd td {background-color: #3F3}.passedeven td {background-color: #0A0}.skippedodd td {background-color: #DDD}.skippedeven td {background-color: #CCC}.failedodd td,.attn {background-color: #F33}.failedeven td,.stripe .attn {background-color: #D00}.stacktrace {white-space:pre;font-family:monospace}.totop {font-size:85%;text-align:center;border-bottom:2px solid #000}.invisible {display:none}</style>
</head>
<body>
<table>
<tr><th>Test</th><th># Passed</th><th># Skipped</th><th># Failed</th><th>Time (ms)</th><th>Included Groups</th><th>Excluded Groups</th></tr>
<tr><th colspan="7">Suite2</th></tr>
<tr><td><a href="#t0">all-tests</a></td><td class="num">9</td><td class="num attn">2</td><td class="num attn">1</td><td class="num">144,672</td><td></td><td></td></tr>
</table>
<table id='summary'><thead><tr><th>Class</th><th>Method</th><th>Start</th><th>Time (ms)</th></tr></thead><tbody><tr><th colspan="4">Suite2</th></tr></tbody><tbody id="t0"><tr><th colspan="4">all-tests &#8212; failed</th></tr><tr class="failedeven"><td rowspan="1">tests.ui.ContactUsTests</td><td><a href="#m0">TestContactUsTestWithMultipleData</a></td><td rowspan="1">1555530517171</td><td rowspan="1">1280</td></tr><tr><th colspan="4">all-tests &#8212; skipped</th></tr><tr class="skippedeven"><td rowspan="2">tests.ui.ContactUsTests</td><td><a href="#m1">TestContactUsTestWithMultipleData</a></td><td rowspan="1">1555530509781</td><td rowspan="1">3695</td></tr><tr class="skippedeven"><td><a href="#m2">TestMoreThan500CharactersNotAllowed</a></td><td rowspan="1">1555530556844</td><td rowspan="1">1637</td></tr><tr><th colspan="4">all-tests &#8212; passed</th></tr><tr class="passedeven"><td rowspan="7">tests.ui.ContactUsTests</td><td><a href="#m3">TestContactUsEmailLabelText</a></td><td rowspan="1">1555530507543</td><td rowspan="1">99</td></tr><tr class="passedeven"><td><a href="#m4">TestContactUsTestWithMultipleData</a></td><td rowspan="1">1555530520877</td><td rowspan="1">3230</td></tr><tr class="passedeven"><td><a href="#m5">TestCreateQueryWithAllFields</a></td><td rowspan="1">1555530528311</td><td rowspan="1">2544</td></tr><tr class="passedeven"><td><a href="#m6">TestCreateQueryWithRequiredFields</a></td><td rowspan="1">1555530532995</td><td rowspan="1">2934</td></tr><tr class="passedeven"><td><a href="#m7">TestGotoPrivacyPolicyPage</a></td><td rowspan="1">1555530538478</td><td rowspan="1">1602</td></tr><tr class="passedeven"><td><a href="#m8">TestMandatoryFields</a></td><td rowspan="1">1555530542118</td><td rowspan="1">13325</td></tr><tr class="passedeven"><td><a href="#m9">TestMoreThan500CharactersNotAllowed</a></td><td rowspan="1">1555530561180</td><td rowspan="1">14564</td></tr><tr class="passedodd"><td rowspan="2">tests.ui.LandingPageTests</td><td><a href="#m10">TestNavigateFromContactMenuOption</a></td><td rowspan="1">1555530614365</td><td rowspan="1">3400</td></tr><tr class="passedodd"><td><a href="#m11">TestNavigateFromContactUsLink</a></td><td rowspan="1">1555530617769</td><td rowspan="1">1818</td></tr></tbody>
</table>
<h2>all-tests</h2><h3 id="m0">tests.ui.ContactUsTests#TestContactUsTestWithMultipleData</h3><table class="result"><tr class="param"><th>Parameter #1</th><th>Parameter #2</th><th>Parameter #3</th><th>Parameter #4</th><th>Parameter #5</th><th>Parameter #6</th><th>Parameter #7</th><th>Parameter #8</th><th>Parameter #9</th><th>Parameter #10</th></tr><tr class="param stripe"><td>Hemant</td><td>Janrao</td><td>hemant.janrao@gmail.com</td><td>Test company</td><td>http://www.testcompany.com</td><td>true</td><td>Network/Exchange</td><td>Algeria</td><td>9130021557</td><td>Test description</td></tr><tr><th colspan="10">Exception</th></tr><tr><td colspan="10"><div class="stacktrace">org.openqa.selenium.WebDriverException: unknown error: Element &lt;button id=&quot;submit-button&quot; name=&quot;submit&quot; class=&quot;form_button button--blue js-submit-button&quot;&gt;...&lt;/button&gt; is not clickable at point (1080, 465). Other element would receive the click: &lt;div class=&quot;flounder__option&quot; data-index=&quot;6&quot; role=&quot;option&quot;&gt;...&lt;/div&gt;
  (Session info: chrome=73.0.3683.103)
  (Driver info: chromedriver=73.0.3683.68 (47787ec04b6e38e22703e856e101e840b65afe72),platform=Mac OS X 10.13.6 x86_64) (WARNING: The server did not provide any stacktrace information)
Command duration or timeout: 0 milliseconds
Build info: version: &apos;3.13.0&apos;, revision: &apos;2f0d292&apos;, time: &apos;2018-06-25T15:24:21.231Z&apos;
System info: host: &apos;ALT01722&apos;, ip: &apos;fe80:0:0:0:1c00:29e4:1556:f6ba%en0&apos;, os.name: &apos;Mac OS X&apos;, os.arch: &apos;x86_64&apos;, os.version: &apos;10.13.6&apos;, java.version: &apos;1.8.0_201&apos;
Driver info: org.openqa.selenium.chrome.ChromeDriver
Capabilities {acceptInsecureCerts: false, acceptSslCerts: false, applicationCacheEnabled: false, browserConnectionEnabled: false, browserName: chrome, chrome: {chromedriverVersion: 73.0.3683.68 (47787ec04b6e3..., userDataDir: /var/folders/_g/dtgs_lxs3qg...}, cssSelectorsEnabled: true, databaseEnabled: false, goog:chromeOptions: {debuggerAddress: localhost:49303}, handlesAlerts: true, hasTouchScreen: false, javascriptEnabled: true, locationContextEnabled: true, mobileEmulationEnabled: false, nativeEvents: true, networkConnectionEnabled: false, pageLoadStrategy: normal, platform: MAC, platformName: MAC, proxy: Proxy(), rotatable: false, setWindowRect: true, strictFileInteractability: false, takesHeapSnapshot: true, takesScreenshot: true, timeouts: {implicit: 0, pageLoad: 300000, script: 30000}, unexpectedAlertBehaviour: ignore, unhandledPromptBehavior: ignore, version: 73.0.3683.103, webStorageEnabled: true}
Session ID: c97a1bf72f1b517451e3bf967f91b709
	at org.openqa.selenium.remote.ErrorHandler.createThrowable(ErrorHandler.java:214)
	at org.openqa.selenium.remote.ErrorHandler.throwIfResponseFailed(ErrorHandler.java:166)
	at org.openqa.selenium.remote.http.JsonHttpResponseCodec.reconstructValue(JsonHttpResponseCodec.java:40)
	at org.openqa.selenium.remote.http.AbstractHttpResponseCodec.decode(AbstractHttpResponseCodec.java:80)
	at org.openqa.selenium.remote.http.AbstractHttpResponseCodec.decode(AbstractHttpResponseCodec.java:44)
	at org.openqa.selenium.remote.HttpCommandExecutor.execute(HttpCommandExecutor.java:158)
	at org.openqa.selenium.remote.service.DriverCommandExecutor.execute(DriverCommandExecutor.java:83)
	at org.openqa.selenium.remote.RemoteWebDriver.execute(RemoteWebDriver.java:548)
	at org.openqa.selenium.remote.RemoteWebElement.execute(RemoteWebElement.java:276)
	at org.openqa.selenium.remote.RemoteWebElement.click(RemoteWebElement.java:83)
	at org.openqa.selenium.support.pagefactory.internal.LocatingElementHandler.invoke(LocatingElementHandler.java:51)
	at com.sun.proxy.$Proxy13.click(Unknown Source)
	at driver.WebUtils.clickWithWaitForElement(WebUtils.java:86)
	at tests.pages.ContactUsPage.submitData(ContactUsPage.java:164)
	at tests.pages.ContactUsPage.contactUSTest(ContactUsPage.java:147)
	at tests.ui.ContactUsTests.TestContactUsTestWithMultipleData(ContactUsTests.java:39)
... Removed 42 stack frames</div></td></tr></table><p class="totop"><a href="#summary">back to summary</a></p>
<h3 id="m1">tests.ui.ContactUsTests#TestContactUsTestWithMultipleData</h3><table class="result"><tr class="param"><th>Parameter #1</th><th>Parameter #2</th><th>Parameter #3</th><th>Parameter #4</th><th>Parameter #5</th><th>Parameter #6</th><th>Parameter #7</th><th>Parameter #8</th><th>Parameter #9</th><th>Parameter #10</th></tr><tr class="param stripe"><td>Hemant</td><td>Janrao</td><td>hemant.janrao@gmail.com</td><td>Test company</td><td>http://www.testcompany.com</td><td>true</td><td>Network/Exchange</td><td>Algeria</td><td>9130021557</td><td>Test description</td></tr><tr><th colspan="10">Exception</th></tr><tr><td colspan="10"><div class="stacktrace">org.openqa.selenium.WebDriverException: unknown error: Element &lt;button id=&quot;submit-button&quot; name=&quot;submit&quot; class=&quot;form_button button--blue js-submit-button&quot;&gt;...&lt;/button&gt; is not clickable at point (1080, 465). Other element would receive the click: &lt;div class=&quot;flounder__option&quot; data-index=&quot;6&quot; role=&quot;option&quot;&gt;...&lt;/div&gt;
  (Session info: chrome=73.0.3683.103)
  (Driver info: chromedriver=73.0.3683.68 (47787ec04b6e38e22703e856e101e840b65afe72),platform=Mac OS X 10.13.6 x86_64) (WARNING: The server did not provide any stacktrace information)
Command duration or timeout: 0 milliseconds
Build info: version: &apos;3.13.0&apos;, revision: &apos;2f0d292&apos;, time: &apos;2018-06-25T15:24:21.231Z&apos;
System info: host: &apos;ALT01722&apos;, ip: &apos;fe80:0:0:0:1c00:29e4:1556:f6ba%en0&apos;, os.name: &apos;Mac OS X&apos;, os.arch: &apos;x86_64&apos;, os.version: &apos;10.13.6&apos;, java.version: &apos;1.8.0_201&apos;
Driver info: org.openqa.selenium.chrome.ChromeDriver
Capabilities {acceptInsecureCerts: false, acceptSslCerts: false, applicationCacheEnabled: false, browserConnectionEnabled: false, browserName: chrome, chrome: {chromedriverVersion: 73.0.3683.68 (47787ec04b6e3..., userDataDir: /var/folders/_g/dtgs_lxs3qg...}, cssSelectorsEnabled: true, databaseEnabled: false, goog:chromeOptions: {debuggerAddress: localhost:49303}, handlesAlerts: true, hasTouchScreen: false, javascriptEnabled: true, locationContextEnabled: true, mobileEmulationEnabled: false, nativeEvents: true, networkConnectionEnabled: false, pageLoadStrategy: normal, platform: MAC, platformName: MAC, proxy: Proxy(), rotatable: false, setWindowRect: true, strictFileInteractability: false, takesHeapSnapshot: true, takesScreenshot: true, timeouts: {implicit: 0, pageLoad: 300000, script: 30000}, unexpectedAlertBehaviour: ignore, unhandledPromptBehavior: ignore, version: 73.0.3683.103, webStorageEnabled: true}
Session ID: c97a1bf72f1b517451e3bf967f91b709
	at org.openqa.selenium.remote.ErrorHandler.createThrowable(ErrorHandler.java:214)
	at org.openqa.selenium.remote.ErrorHandler.throwIfResponseFailed(ErrorHandler.java:166)
	at org.openqa.selenium.remote.http.JsonHttpResponseCodec.reconstructValue(JsonHttpResponseCodec.java:40)
	at org.openqa.selenium.remote.http.AbstractHttpResponseCodec.decode(AbstractHttpResponseCodec.java:80)
	at org.openqa.selenium.remote.http.AbstractHttpResponseCodec.decode(AbstractHttpResponseCodec.java:44)
	at org.openqa.selenium.remote.HttpCommandExecutor.execute(HttpCommandExecutor.java:158)
	at org.openqa.selenium.remote.service.DriverCommandExecutor.execute(DriverCommandExecutor.java:83)
	at org.openqa.selenium.remote.RemoteWebDriver.execute(RemoteWebDriver.java:548)
	at org.openqa.selenium.remote.RemoteWebElement.execute(RemoteWebElement.java:276)
	at org.openqa.selenium.remote.RemoteWebElement.click(RemoteWebElement.java:83)
	at org.openqa.selenium.support.pagefactory.internal.LocatingElementHandler.invoke(LocatingElementHandler.java:51)
	at com.sun.proxy.$Proxy13.click(Unknown Source)
	at driver.WebUtils.clickWithWaitForElement(WebUtils.java:86)
	at tests.pages.ContactUsPage.submitData(ContactUsPage.java:164)
	at tests.pages.ContactUsPage.contactUSTest(ContactUsPage.java:147)
	at tests.ui.ContactUsTests.TestContactUsTestWithMultipleData(ContactUsTests.java:39)
... Removed 42 stack frames</div></td></tr></table><p class="totop"><a href="#summary">back to summary</a></p>
<h3 id="m2">tests.ui.ContactUsTests#TestMoreThan500CharactersNotAllowed</h3><table class="result"><tr><th>Exception</th></tr><tr><td><div class="stacktrace">org.openqa.selenium.WebDriverException: unknown error: Element &lt;button id=&quot;submit-button&quot; name=&quot;submit&quot; class=&quot;form_button button--blue js-submit-button&quot;&gt;...&lt;/button&gt; is not clickable at point (1080, 465). Other element would receive the click: &lt;div class=&quot;flounder__option&quot; data-index=&quot;6&quot; role=&quot;option&quot;&gt;...&lt;/div&gt;
  (Session info: chrome=73.0.3683.103)
  (Driver info: chromedriver=73.0.3683.68 (47787ec04b6e38e22703e856e101e840b65afe72),platform=Mac OS X 10.13.6 x86_64) (WARNING: The server did not provide any stacktrace information)
Command duration or timeout: 0 milliseconds
Build info: version: &apos;3.13.0&apos;, revision: &apos;2f0d292&apos;, time: &apos;2018-06-25T15:24:21.231Z&apos;
System info: host: &apos;ALT01722&apos;, ip: &apos;fe80:0:0:0:1c00:29e4:1556:f6ba%en0&apos;, os.name: &apos;Mac OS X&apos;, os.arch: &apos;x86_64&apos;, os.version: &apos;10.13.6&apos;, java.version: &apos;1.8.0_201&apos;
Driver info: org.openqa.selenium.chrome.ChromeDriver
Capabilities {acceptInsecureCerts: false, acceptSslCerts: false, applicationCacheEnabled: false, browserConnectionEnabled: false, browserName: chrome, chrome: {chromedriverVersion: 73.0.3683.68 (47787ec04b6e3..., userDataDir: /var/folders/_g/dtgs_lxs3qg...}, cssSelectorsEnabled: true, databaseEnabled: false, goog:chromeOptions: {debuggerAddress: localhost:49303}, handlesAlerts: true, hasTouchScreen: false, javascriptEnabled: true, locationContextEnabled: true, mobileEmulationEnabled: false, nativeEvents: true, networkConnectionEnabled: false, pageLoadStrategy: normal, platform: MAC, platformName: MAC, proxy: Proxy(), rotatable: false, setWindowRect: true, strictFileInteractability: false, takesHeapSnapshot: true, takesScreenshot: true, timeouts: {implicit: 0, pageLoad: 300000, script: 30000}, unexpectedAlertBehaviour: ignore, unhandledPromptBehavior: ignore, version: 73.0.3683.103, webStorageEnabled: true}
Session ID: c97a1bf72f1b517451e3bf967f91b709
	at org.openqa.selenium.remote.ErrorHandler.createThrowable(ErrorHandler.java:214)
	at org.openqa.selenium.remote.ErrorHandler.throwIfResponseFailed(ErrorHandler.java:166)
	at org.openqa.selenium.remote.http.JsonHttpResponseCodec.reconstructValue(JsonHttpResponseCodec.java:40)
	at org.openqa.selenium.remote.http.AbstractHttpResponseCodec.decode(AbstractHttpResponseCodec.java:80)
	at org.openqa.selenium.remote.http.AbstractHttpResponseCodec.decode(AbstractHttpResponseCodec.java:44)
	at org.openqa.selenium.remote.HttpCommandExecutor.execute(HttpCommandExecutor.java:158)
	at org.openqa.selenium.remote.service.DriverCommandExecutor.execute(DriverCommandExecutor.java:83)
	at org.openqa.selenium.remote.RemoteWebDriver.execute(RemoteWebDriver.java:548)
	at org.openqa.selenium.remote.RemoteWebElement.execute(RemoteWebElement.java:276)
	at org.openqa.selenium.remote.RemoteWebElement.click(RemoteWebElement.java:83)
	at org.openqa.selenium.support.pagefactory.internal.LocatingElementHandler.invoke(LocatingElementHandler.java:51)
	at com.sun.proxy.$Proxy13.click(Unknown Source)
	at driver.WebUtils.clickWithWaitForElement(WebUtils.java:86)
	at tests.pages.ContactUsPage.submitData(ContactUsPage.java:164)
	at tests.pages.ContactUsPage.contactUSTest(ContactUsPage.java:147)
	at tests.ui.ContactUsTests.TestMoreThan500CharactersNotAllowed(ContactUsTests.java:132)
... Removed 42 stack frames</div></td></tr></table><p class="totop"><a href="#summary">back to summary</a></p>
<h3 id="m3">tests.ui.ContactUsTests#TestContactUsEmailLabelText</h3><table class="result"><tr><th class="invisible"/></tr></table><p class="totop"><a href="#summary">back to summary</a></p>
<h3 id="m4">tests.ui.ContactUsTests#TestContactUsTestWithMultipleData</h3><table class="result"><tr class="param"><th>Parameter #1</th><th>Parameter #2</th><th>Parameter #3</th><th>Parameter #4</th><th>Parameter #5</th><th>Parameter #6</th><th>Parameter #7</th><th>Parameter #8</th><th>Parameter #9</th><th>Parameter #10</th></tr><tr class="param stripe"><td>Ravi</td><td>Janrao</td><td>hemant.janrao@gmail.com</td><td>Test company</td><td>http://www.testcompany.com</td><td>true</td><td>Agency</td><td>Nepal</td><td>9130021557</td><td>Test description</td></tr></table><p class="totop"><a href="#summary">back to summary</a></p>
<h3 id="m5">tests.ui.ContactUsTests#TestCreateQueryWithAllFields</h3><table class="result"><tr><th class="invisible"/></tr></table><p class="totop"><a href="#summary">back to summary</a></p>
<h3 id="m6">tests.ui.ContactUsTests#TestCreateQueryWithRequiredFields</h3><table class="result"><tr><th class="invisible"/></tr></table><p class="totop"><a href="#summary">back to summary</a></p>
<h3 id="m7">tests.ui.ContactUsTests#TestGotoPrivacyPolicyPage</h3><table class="result"><tr><th class="invisible"/></tr></table><p class="totop"><a href="#summary">back to summary</a></p>
<h3 id="m8">tests.ui.ContactUsTests#TestMandatoryFields</h3><table class="result"><tr><th class="invisible"/></tr></table><p class="totop"><a href="#summary">back to summary</a></p>
<h3 id="m9">tests.ui.ContactUsTests#TestMoreThan500CharactersNotAllowed</h3><table class="result"><tr><th class="invisible"/></tr></table><p class="totop"><a href="#summary">back to summary</a></p>
<h3 id="m10">tests.ui.LandingPageTests#TestNavigateFromContactMenuOption</h3><table class="result"><tr><th class="invisible"/></tr></table><p class="totop"><a href="#summary">back to summary</a></p>
<h3 id="m11">tests.ui.LandingPageTests#TestNavigateFromContactUsLink</h3><table class="result"><tr><th class="invisible"/></tr></table><p class="totop"><a href="#summary">back to summary</a></p>
</body>
</html>
