<!DOCTYPE html>

<html>
  <head>
  <meta charset='utf-8'>
  <title>TestNG reports</title>

    <link type="text/css" href="testng-reports.css" rel="stylesheet" />
    <script type="text/javascript" src="jquery-1.7.1.min.js"></script>
    <script type="text/javascript" src="testng-reports.js"></script>
    <script type="text/javascript" src="https://www.google.com/jsapi"></script>
    <script type='text/javascript'>
      google.load('visualization', '1', {packages:['table']});
      google.setOnLoadCallback(drawTable);
      var suiteTableInitFunctions = new Array();
      var suiteTableData = new Array();
    </script>
    <!--
      <script type="text/javascript" src="jquery-ui/js/jquery-ui-1.8.16.custom.min.js"></script>
     -->
  </head>

  <body>
    <div class="top-banner-root">
      <span class="top-banner-title-font">Test results</span>
      <br/>
      <span class="top-banner-font-1">1 suite, 1 failed test</span>
    </div> <!-- top-banner-root -->
    <div class="navigator-root">
      <div class="navigator-suite-header">
        <span>All suites</span>
        <a href="#" class="collapse-all-link" title="Collapse/expand all the suites">
          <img class="collapse-all-icon" src="collapseall.gif">
          </img> <!-- collapse-all-icon -->
        </a> <!-- collapse-all-link -->
      </div> <!-- navigator-suite-header -->
      <div class="suite">
        <div class="rounded-window">
          <div class="suite-header light-rounded-window-top">
            <a href="#" class="navigator-link" panel-name="suite-Suite2">
              <span class="suite-name border-failed">Suite2</span>
            </a> <!-- navigator-link -->
          </div> <!-- suite-header light-rounded-window-top -->
          <div class="navigator-suite-content">
            <div class="suite-section-title">
              <span>Info</span>
            </div> <!-- suite-section-title -->
            <div class="suite-section-content">
              <ul>
                <li>
                  <a href="#" class="navigator-link " panel-name="test-xml-Suite2">
                    <span>testng.xml</span>
                  </a> <!-- navigator-link  -->
                </li>
                <li>
                  <a href="#" class="navigator-link " panel-name="testlist-Suite2">
                    <span class="test-stats">1 test</span>
                  </a> <!-- navigator-link  -->
                </li>
                <li>
                  <a href="#" class="navigator-link " panel-name="group-Suite2">
                    <span>2 groups</span>
                  </a> <!-- navigator-link  -->
                </li>
                <li>
                  <a href="#" class="navigator-link " panel-name="times-Suite2">
                    <span>Times</span>
                  </a> <!-- navigator-link  -->
                </li>
                <li>
                  <a href="#" class="navigator-link " panel-name="reporter-Suite2">
                    <span>Reporter output</span>
                  </a> <!-- navigator-link  -->
                </li>
                <li>
                  <a href="#" class="navigator-link " panel-name="ignored-methods-Suite2">
                    <span>Ignored methods</span>
                  </a> <!-- navigator-link  -->
                </li>
                <li>
                  <a href="#" class="navigator-link " panel-name="chronological-Suite2">
                    <span>Chronological view</span>
                  </a> <!-- navigator-link  -->
                </li>
              </ul>
            </div> <!-- suite-section-content -->
            <div class="result-section">
              <div class="suite-section-title">
                <span>Results</span>
              </div> <!-- suite-section-title -->
              <div class="suite-section-content">
                <ul>
                  <li>
                    <span class="method-stats">12 methods, 1 failed,  2 skipped,  9 passed</span>
                  </li>
                  <li>
                    <span class="method-list-title failed">Failed methods</span>
                    <span class="show-or-hide-methods failed">
                      <a href="#" panel-name="suite-Suite2" class="hide-methods failed suite-Suite2"> (hide)</a> <!-- hide-methods failed suite-Suite2 -->
                      <a href="#" panel-name="suite-Suite2" class="show-methods failed suite-Suite2"> (show)</a> <!-- show-methods failed suite-Suite2 -->
                    </span>
                    <div class="method-list-content failed suite-Suite2">
                      <span>
                        <img width="3%" src="failed.png"/>
                        <a href="#" class="method navigator-link" panel-name="suite-Suite2" title="tests.ui.ContactUsTests" hash-for-method="TestContactUsTestWithMultipleData(Hemant, Janrao, hemant.janrao@gmail.com, Test company, http://www.testcompany.com, true, Network/Exc...)">TestContactUsTestWithMultipleData(Hemant, Janrao, hemant.janrao@gmail.com, Test company, http://www.testcompany.com, true, Network/Exc...)</a> <!-- method navigator-link -->
                      </span>
                      <br/>
                    </div> <!-- method-list-content failed suite-Suite2 -->
                  </li>
                  <li>
                    <span class="method-list-title skipped">Skipped methods</span>
                    <span class="show-or-hide-methods skipped">
                      <a href="#" panel-name="suite-Suite2" class="hide-methods skipped suite-Suite2"> (hide)</a> <!-- hide-methods skipped suite-Suite2 -->
                      <a href="#" panel-name="suite-Suite2" class="show-methods skipped suite-Suite2"> (show)</a> <!-- show-methods skipped suite-Suite2 -->
                    </span>
                    <div class="method-list-content skipped suite-Suite2">
                      <span>
                        <img width="3%" src="skipped.png"/>
                        <a href="#" class="method navigator-link" panel-name="suite-Suite2" title="tests.ui.ContactUsTests" hash-for-method="TestContactUsTestWithMultipleData(Hemant, Janrao, hemant.janrao@gmail.com, Test company, http://www.testcompany.com, true, Network/Exc...)">TestContactUsTestWithMultipleData(Hemant, Janrao, hemant.janrao@gmail.com, Test company, http://www.testcompany.com, true, Network/Exc...)</a> <!-- method navigator-link -->
                      </span>
                      <br/>
                      <span>
                        <img width="3%" src="skipped.png"/>
                        <a href="#" class="method navigator-link" panel-name="suite-Suite2" title="tests.ui.ContactUsTests" hash-for-method="TestMoreThan500CharactersNotAllowed">TestMoreThan500CharactersNotAllowed</a> <!-- method navigator-link -->
                      </span>
                      <br/>
                    </div> <!-- method-list-content skipped suite-Suite2 -->
                  </li>
                  <li>
                    <span class="method-list-title passed">Passed methods</span>
                    <span class="show-or-hide-methods passed">
                      <a href="#" panel-name="suite-Suite2" class="hide-methods passed suite-Suite2"> (hide)</a> <!-- hide-methods passed suite-Suite2 -->
                      <a href="#" panel-name="suite-Suite2" class="show-methods passed suite-Suite2"> (show)</a> <!-- show-methods passed suite-Suite2 -->
                    </span>
                    <div class="method-list-content passed suite-Suite2">
                      <span>
                        <img width="3%" src="passed.png"/>
                        <a href="#" class="method navigator-link" panel-name="suite-Suite2" title="tests.ui.ContactUsTests" hash-for-method="TestContactUsEmailLabelText">TestContactUsEmailLabelText</a> <!-- method navigator-link -->
                      </span>
                      <br/>
                      <span>
                        <img width="3%" src="passed.png"/>
                        <a href="#" class="method navigator-link" panel-name="suite-Suite2" title="tests.ui.ContactUsTests" hash-for-method="TestContactUsTestWithMultipleData(Ravi, Janrao, hemant.janrao@gmail.com, Test company, http://www.testcompany.com, true, Agency, Nepal...)">TestContactUsTestWithMultipleData(Ravi, Janrao, hemant.janrao@gmail.com, Test company, http://www.testcompany.com, true, Agency, Nepal...)</a> <!-- method navigator-link -->
                      </span>
                      <br/>
                      <span>
                        <img width="3%" src="passed.png"/>
                        <a href="#" class="method navigator-link" panel-name="suite-Suite2" title="tests.ui.ContactUsTests" hash-for-method="TestCreateQueryWithAllFields">TestCreateQueryWithAllFields</a> <!-- method navigator-link -->
                      </span>
                      <br/>
                      <span>
                        <img width="3%" src="passed.png"/>
                        <a href="#" class="method navigator-link" panel-name="suite-Suite2" title="tests.ui.ContactUsTests" hash-for-method="TestCreateQueryWithRequiredFields">TestCreateQueryWithRequiredFields</a> <!-- method navigator-link -->
                      </span>
                      <br/>
                      <span>
                        <img width="3%" src="passed.png"/>
                        <a href="#" class="method navigator-link" panel-name="suite-Suite2" title="tests.ui.ContactUsTests" hash-for-method="TestGotoPrivacyPolicyPage">TestGotoPrivacyPolicyPage</a> <!-- method navigator-link -->
                      </span>
                      <br/>
                      <span>
                        <img width="3%" src="passed.png"/>
                        <a href="#" class="method navigator-link" panel-name="suite-Suite2" title="tests.ui.ContactUsTests" hash-for-method="TestMandatoryFields">TestMandatoryFields</a> <!-- method navigator-link -->
                      </span>
                      <br/>
                      <span>
                        <img width="3%" src="passed.png"/>
                        <a href="#" class="method navigator-link" panel-name="suite-Suite2" title="tests.ui.ContactUsTests" hash-for-method="TestMoreThan500CharactersNotAllowed">TestMoreThan500CharactersNotAllowed</a> <!-- method navigator-link -->
                      </span>
                      <br/>
                      <span>
                        <img width="3%" src="passed.png"/>
                        <a href="#" class="method navigator-link" panel-name="suite-Suite2" title="tests.ui.LandingPageTests" hash-for-method="TestNavigateFromContactMenuOption">TestNavigateFromContactMenuOption</a> <!-- method navigator-link -->
                      </span>
                      <br/>
                      <span>
                        <img width="3%" src="passed.png"/>
                        <a href="#" class="method navigator-link" panel-name="suite-Suite2" title="tests.ui.LandingPageTests" hash-for-method="TestNavigateFromContactUsLink">TestNavigateFromContactUsLink</a> <!-- method navigator-link -->
                      </span>
                      <br/>
                    </div> <!-- method-list-content passed suite-Suite2 -->
                  </li>
                </ul>
              </div> <!-- suite-section-content -->
            </div> <!-- result-section -->
          </div> <!-- navigator-suite-content -->
        </div> <!-- rounded-window -->
      </div> <!-- suite -->
    </div> <!-- navigator-root -->
    <div class="wrapper">
      <div class="main-panel-root">
        <div panel-name="suite-Suite2" class="panel Suite2">
          <div class="suite-Suite2-class-failed">
            <div class="main-panel-header rounded-window-top">
              <img src="failed.png"/>
              <span class="class-name">tests.ui.ContactUsTests</span>
            </div> <!-- main-panel-header rounded-window-top -->
            <div class="main-panel-content rounded-window-bottom">
              <div class="method">
                <div class="method-content">
                  <a name="TestContactUsTestWithMultipleData(Hemant, Janrao, hemant.janrao@gmail.com, Test company, http://www.testcompany.com, true, Network/Exc...)">
                  </a> <!-- TestContactUsTestWithMultipleData(Hemant, Janrao, hemant.janrao@gmail.com, Test company, http://www.testcompany.com, true, Network/Exc...) -->
                  <span class="method-name">TestContactUsTestWithMultipleData</span>
                  <span class="parameters">(Hemant, Janrao, hemant.janrao@gmail.com, Test company, http://www.testcompany.com, true, Network/Exchange, Algeria, 9130021557, Test description)</span>
                  <div class="stack-trace">org.openqa.selenium.WebDriverException: unknown error: Element &lt;button id=&quot;submit-button&quot; name=&quot;submit&quot; class=&quot;form_button button--blue js-submit-button&quot;&gt;...&lt;/button&gt; is not clickable at point (1080, 465). Other element would receive the click: &lt;div class=&quot;flounder__option&quot; data-index=&quot;6&quot; role=&quot;option&quot;&gt;...&lt;/div&gt;
  (Session info: chrome=73.0.3683.103)
  (Driver info: chromedriver=73.0.3683.68 (47787ec04b6e38e22703e856e101e840b65afe72),platform=Mac OS X 10.13.6 x86_64) (WARNING: The server did not provide any stacktrace information)
Command duration or timeout: 0 milliseconds
Build info: version: &apos;3.13.0&apos;, revision: &apos;2f0d292&apos;, time: &apos;2018-06-25T15:24:21.231Z&apos;
System info: host: &apos;ALT01722&apos;, ip: &apos;fe80:0:0:0:1c00:29e4:1556:f6ba%en0&apos;, os.name: &apos;Mac OS X&apos;, os.arch: &apos;x86_64&apos;, os.version: &apos;10.13.6&apos;, java.version: &apos;1.8.0_201&apos;
Driver info: org.openqa.selenium.chrome.ChromeDriver
Capabilities {acceptInsecureCerts: false, acceptSslCerts: false, applicationCacheEnabled: false, browserConnectionEnabled: false, browserName: chrome, chrome: {chromedriverVersion: 73.0.3683.68 (47787ec04b6e3..., userDataDir: /var/folders/_g/dtgs_lxs3qg...}, cssSelectorsEnabled: true, databaseEnabled: false, goog:chromeOptions: {debuggerAddress: localhost:49303}, handlesAlerts: true, hasTouchScreen: false, javascriptEnabled: true, locationContextEnabled: true, mobileEmulationEnabled: false, nativeEvents: true, networkConnectionEnabled: false, pageLoadStrategy: normal, platform: MAC, platformName: MAC, proxy: Proxy(), rotatable: false, setWindowRect: true, strictFileInteractability: false, takesHeapSnapshot: true, takesScreenshot: true, timeouts: {implicit: 0, pageLoad: 300000, script: 30000}, unexpectedAlertBehaviour: ignore, unhandledPromptBehavior: ignore, version: 73.0.3683.103, webStorageEnabled: true}
Session ID: c97a1bf72f1b517451e3bf967f91b709
	at org.openqa.selenium.remote.ErrorHandler.createThrowable(ErrorHandler.java:214)
	at org.openqa.selenium.remote.ErrorHandler.throwIfResponseFailed(ErrorHandler.java:166)
	at org.openqa.selenium.remote.http.JsonHttpResponseCodec.reconstructValue(JsonHttpResponseCodec.java:40)
	at org.openqa.selenium.remote.http.AbstractHttpResponseCodec.decode(AbstractHttpResponseCodec.java:80)
	at org.openqa.selenium.remote.http.AbstractHttpResponseCodec.decode(AbstractHttpResponseCodec.java:44)
	at org.openqa.selenium.remote.HttpCommandExecutor.execute(HttpCommandExecutor.java:158)
	at org.openqa.selenium.remote.service.DriverCommandExecutor.execute(DriverCommandExecutor.java:83)
	at org.openqa.selenium.remote.RemoteWebDriver.execute(RemoteWebDriver.java:548)
	at org.openqa.selenium.remote.RemoteWebElement.execute(RemoteWebElement.java:276)
	at org.openqa.selenium.remote.RemoteWebElement.click(RemoteWebElement.java:83)
	at org.openqa.selenium.support.pagefactory.internal.LocatingElementHandler.invoke(LocatingElementHandler.java:51)
	at com.sun.proxy.$Proxy13.click(Unknown Source)
	at driver.WebUtils.clickWithWaitForElement(WebUtils.java:86)
	at tests.pages.ContactUsPage.submitData(ContactUsPage.java:164)
	at tests.pages.ContactUsPage.contactUSTest(ContactUsPage.java:147)
	at tests.ui.ContactUsTests.TestContactUsTestWithMultipleData(ContactUsTests.java:39)
... Removed 42 stack frames
</div> <!-- stack-trace -->
                </div> <!-- method-content -->
              </div> <!-- method -->
            </div> <!-- main-panel-content rounded-window-bottom -->
          </div> <!-- suite-Suite2-class-failed -->
          <div class="suite-Suite2-class-skipped">
            <div class="main-panel-header rounded-window-top">
              <img src="skipped.png"/>
              <span class="class-name">tests.ui.ContactUsTests</span>
            </div> <!-- main-panel-header rounded-window-top -->
            <div class="main-panel-content rounded-window-bottom">
              <div class="method">
                <div class="method-content">
                  <a name="TestContactUsTestWithMultipleData(Hemant, Janrao, hemant.janrao@gmail.com, Test company, http://www.testcompany.com, true, Network/Exc...)">
                  </a> <!-- TestContactUsTestWithMultipleData(Hemant, Janrao, hemant.janrao@gmail.com, Test company, http://www.testcompany.com, true, Network/Exc...) -->
                  <span class="method-name">TestContactUsTestWithMultipleData</span>
                  <span class="parameters">(Hemant, Janrao, hemant.janrao@gmail.com, Test company, http://www.testcompany.com, true, Network/Exchange, Algeria, 9130021557, Test description)</span>
                  <div class="stack-trace">org.openqa.selenium.WebDriverException: unknown error: Element &lt;button id=&quot;submit-button&quot; name=&quot;submit&quot; class=&quot;form_button button--blue js-submit-button&quot;&gt;...&lt;/button&gt; is not clickable at point (1080, 465). Other element would receive the click: &lt;div class=&quot;flounder__option&quot; data-index=&quot;6&quot; role=&quot;option&quot;&gt;...&lt;/div&gt;
  (Session info: chrome=73.0.3683.103)
  (Driver info: chromedriver=73.0.3683.68 (47787ec04b6e38e22703e856e101e840b65afe72),platform=Mac OS X 10.13.6 x86_64) (WARNING: The server did not provide any stacktrace information)
Command duration or timeout: 0 milliseconds
Build info: version: &apos;3.13.0&apos;, revision: &apos;2f0d292&apos;, time: &apos;2018-06-25T15:24:21.231Z&apos;
System info: host: &apos;ALT01722&apos;, ip: &apos;fe80:0:0:0:1c00:29e4:1556:f6ba%en0&apos;, os.name: &apos;Mac OS X&apos;, os.arch: &apos;x86_64&apos;, os.version: &apos;10.13.6&apos;, java.version: &apos;1.8.0_201&apos;
Driver info: org.openqa.selenium.chrome.ChromeDriver
Capabilities {acceptInsecureCerts: false, acceptSslCerts: false, applicationCacheEnabled: false, browserConnectionEnabled: false, browserName: chrome, chrome: {chromedriverVersion: 73.0.3683.68 (47787ec04b6e3..., userDataDir: /var/folders/_g/dtgs_lxs3qg...}, cssSelectorsEnabled: true, databaseEnabled: false, goog:chromeOptions: {debuggerAddress: localhost:49303}, handlesAlerts: true, hasTouchScreen: false, javascriptEnabled: true, locationContextEnabled: true, mobileEmulationEnabled: false, nativeEvents: true, networkConnectionEnabled: false, pageLoadStrategy: normal, platform: MAC, platformName: MAC, proxy: Proxy(), rotatable: false, setWindowRect: true, strictFileInteractability: false, takesHeapSnapshot: true, takesScreenshot: true, timeouts: {implicit: 0, pageLoad: 300000, script: 30000}, unexpectedAlertBehaviour: ignore, unhandledPromptBehavior: ignore, version: 73.0.3683.103, webStorageEnabled: true}
Session ID: c97a1bf72f1b517451e3bf967f91b709
	at org.openqa.selenium.remote.ErrorHandler.createThrowable(ErrorHandler.java:214)
	at org.openqa.selenium.remote.ErrorHandler.throwIfResponseFailed(ErrorHandler.java:166)
	at org.openqa.selenium.remote.http.JsonHttpResponseCodec.reconstructValue(JsonHttpResponseCodec.java:40)
	at org.openqa.selenium.remote.http.AbstractHttpResponseCodec.decode(AbstractHttpResponseCodec.java:80)
	at org.openqa.selenium.remote.http.AbstractHttpResponseCodec.decode(AbstractHttpResponseCodec.java:44)
	at org.openqa.selenium.remote.HttpCommandExecutor.execute(HttpCommandExecutor.java:158)
	at org.openqa.selenium.remote.service.DriverCommandExecutor.execute(DriverCommandExecutor.java:83)
	at org.openqa.selenium.remote.RemoteWebDriver.execute(RemoteWebDriver.java:548)
	at org.openqa.selenium.remote.RemoteWebElement.execute(RemoteWebElement.java:276)
	at org.openqa.selenium.remote.RemoteWebElement.click(RemoteWebElement.java:83)
	at org.openqa.selenium.support.pagefactory.internal.LocatingElementHandler.invoke(LocatingElementHandler.java:51)
	at com.sun.proxy.$Proxy13.click(Unknown Source)
	at driver.WebUtils.clickWithWaitForElement(WebUtils.java:86)
	at tests.pages.ContactUsPage.submitData(ContactUsPage.java:164)
	at tests.pages.ContactUsPage.contactUSTest(ContactUsPage.java:147)
	at tests.ui.ContactUsTests.TestContactUsTestWithMultipleData(ContactUsTests.java:39)
... Removed 42 stack frames
</div> <!-- stack-trace -->
                </div> <!-- method-content -->
              </div> <!-- method -->
              <div class="method">
                <div class="method-content">
                  <a name="TestMoreThan500CharactersNotAllowed">
                  </a> <!-- TestMoreThan500CharactersNotAllowed -->
                  <span class="method-name">TestMoreThan500CharactersNotAllowed</span>
                  <div class="stack-trace">org.openqa.selenium.WebDriverException: unknown error: Element &lt;button id=&quot;submit-button&quot; name=&quot;submit&quot; class=&quot;form_button button--blue js-submit-button&quot;&gt;...&lt;/button&gt; is not clickable at point (1080, 465). Other element would receive the click: &lt;div class=&quot;flounder__option&quot; data-index=&quot;6&quot; role=&quot;option&quot;&gt;...&lt;/div&gt;
  (Session info: chrome=73.0.3683.103)
  (Driver info: chromedriver=73.0.3683.68 (47787ec04b6e38e22703e856e101e840b65afe72),platform=Mac OS X 10.13.6 x86_64) (WARNING: The server did not provide any stacktrace information)
Command duration or timeout: 0 milliseconds
Build info: version: &apos;3.13.0&apos;, revision: &apos;2f0d292&apos;, time: &apos;2018-06-25T15:24:21.231Z&apos;
System info: host: &apos;ALT01722&apos;, ip: &apos;fe80:0:0:0:1c00:29e4:1556:f6ba%en0&apos;, os.name: &apos;Mac OS X&apos;, os.arch: &apos;x86_64&apos;, os.version: &apos;10.13.6&apos;, java.version: &apos;1.8.0_201&apos;
Driver info: org.openqa.selenium.chrome.ChromeDriver
Capabilities {acceptInsecureCerts: false, acceptSslCerts: false, applicationCacheEnabled: false, browserConnectionEnabled: false, browserName: chrome, chrome: {chromedriverVersion: 73.0.3683.68 (47787ec04b6e3..., userDataDir: /var/folders/_g/dtgs_lxs3qg...}, cssSelectorsEnabled: true, databaseEnabled: false, goog:chromeOptions: {debuggerAddress: localhost:49303}, handlesAlerts: true, hasTouchScreen: false, javascriptEnabled: true, locationContextEnabled: true, mobileEmulationEnabled: false, nativeEvents: true, networkConnectionEnabled: false, pageLoadStrategy: normal, platform: MAC, platformName: MAC, proxy: Proxy(), rotatable: false, setWindowRect: true, strictFileInteractability: false, takesHeapSnapshot: true, takesScreenshot: true, timeouts: {implicit: 0, pageLoad: 300000, script: 30000}, unexpectedAlertBehaviour: ignore, unhandledPromptBehavior: ignore, version: 73.0.3683.103, webStorageEnabled: true}
Session ID: c97a1bf72f1b517451e3bf967f91b709
	at org.openqa.selenium.remote.ErrorHandler.createThrowable(ErrorHandler.java:214)
	at org.openqa.selenium.remote.ErrorHandler.throwIfResponseFailed(ErrorHandler.java:166)
	at org.openqa.selenium.remote.http.JsonHttpResponseCodec.reconstructValue(JsonHttpResponseCodec.java:40)
	at org.openqa.selenium.remote.http.AbstractHttpResponseCodec.decode(AbstractHttpResponseCodec.java:80)
	at org.openqa.selenium.remote.http.AbstractHttpResponseCodec.decode(AbstractHttpResponseCodec.java:44)
	at org.openqa.selenium.remote.HttpCommandExecutor.execute(HttpCommandExecutor.java:158)
	at org.openqa.selenium.remote.service.DriverCommandExecutor.execute(DriverCommandExecutor.java:83)
	at org.openqa.selenium.remote.RemoteWebDriver.execute(RemoteWebDriver.java:548)
	at org.openqa.selenium.remote.RemoteWebElement.execute(RemoteWebElement.java:276)
	at org.openqa.selenium.remote.RemoteWebElement.click(RemoteWebElement.java:83)
	at org.openqa.selenium.support.pagefactory.internal.LocatingElementHandler.invoke(LocatingElementHandler.java:51)
	at com.sun.proxy.$Proxy13.click(Unknown Source)
	at driver.WebUtils.clickWithWaitForElement(WebUtils.java:86)
	at tests.pages.ContactUsPage.submitData(ContactUsPage.java:164)
	at tests.pages.ContactUsPage.contactUSTest(ContactUsPage.java:147)
	at tests.ui.ContactUsTests.TestMoreThan500CharactersNotAllowed(ContactUsTests.java:132)
... Removed 42 stack frames
</div> <!-- stack-trace -->
                </div> <!-- method-content -->
              </div> <!-- method -->
            </div> <!-- main-panel-content rounded-window-bottom -->
          </div> <!-- suite-Suite2-class-skipped -->
          <div class="suite-Suite2-class-passed">
            <div class="main-panel-header rounded-window-top">
              <img src="passed.png"/>
              <span class="class-name">tests.ui.LandingPageTests</span>
            </div> <!-- main-panel-header rounded-window-top -->
            <div class="main-panel-content rounded-window-bottom">
              <div class="method">
                <div class="method-content">
                  <a name="TestNavigateFromContactMenuOption">
                  </a> <!-- TestNavigateFromContactMenuOption -->
                  <span class="method-name">TestNavigateFromContactMenuOption</span>
                </div> <!-- method-content -->
              </div> <!-- method -->
              <div class="method">
                <div class="method-content">
                  <a name="TestNavigateFromContactUsLink">
                  </a> <!-- TestNavigateFromContactUsLink -->
                  <span class="method-name">TestNavigateFromContactUsLink</span>
                </div> <!-- method-content -->
              </div> <!-- method -->
            </div> <!-- main-panel-content rounded-window-bottom -->
          </div> <!-- suite-Suite2-class-passed -->
          <div class="suite-Suite2-class-passed">
            <div class="main-panel-header rounded-window-top">
              <img src="passed.png"/>
              <span class="class-name">tests.ui.ContactUsTests</span>
            </div> <!-- main-panel-header rounded-window-top -->
            <div class="main-panel-content rounded-window-bottom">
              <div class="method">
                <div class="method-content">
                  <a name="TestContactUsEmailLabelText">
                  </a> <!-- TestContactUsEmailLabelText -->
                  <span class="method-name">TestContactUsEmailLabelText</span>
                </div> <!-- method-content -->
              </div> <!-- method -->
              <div class="method">
                <div class="method-content">
                  <a name="TestContactUsTestWithMultipleData(Ravi, Janrao, hemant.janrao@gmail.com, Test company, http://www.testcompany.com, true, Agency, Nepal...)">
                  </a> <!-- TestContactUsTestWithMultipleData(Ravi, Janrao, hemant.janrao@gmail.com, Test company, http://www.testcompany.com, true, Agency, Nepal...) -->
                  <span class="method-name">TestContactUsTestWithMultipleData</span>
                  <span class="parameters">(Ravi, Janrao, hemant.janrao@gmail.com, Test company, http://www.testcompany.com, true, Agency, Nepal, 9130021557, Test description)</span>
                </div> <!-- method-content -->
              </div> <!-- method -->
              <div class="method">
                <div class="method-content">
                  <a name="TestCreateQueryWithAllFields">
                  </a> <!-- TestCreateQueryWithAllFields -->
                  <span class="method-name">TestCreateQueryWithAllFields</span>
                </div> <!-- method-content -->
              </div> <!-- method -->
              <div class="method">
                <div class="method-content">
                  <a name="TestCreateQueryWithRequiredFields">
                  </a> <!-- TestCreateQueryWithRequiredFields -->
                  <span class="method-name">TestCreateQueryWithRequiredFields</span>
                </div> <!-- method-content -->
              </div> <!-- method -->
              <div class="method">
                <div class="method-content">
                  <a name="TestGotoPrivacyPolicyPage">
                  </a> <!-- TestGotoPrivacyPolicyPage -->
                  <span class="method-name">TestGotoPrivacyPolicyPage</span>
                </div> <!-- method-content -->
              </div> <!-- method -->
              <div class="method">
                <div class="method-content">
                  <a name="TestMandatoryFields">
                  </a> <!-- TestMandatoryFields -->
                  <span class="method-name">TestMandatoryFields</span>
                </div> <!-- method-content -->
              </div> <!-- method -->
              <div class="method">
                <div class="method-content">
                  <a name="TestMoreThan500CharactersNotAllowed">
                  </a> <!-- TestMoreThan500CharactersNotAllowed -->
                  <span class="method-name">TestMoreThan500CharactersNotAllowed</span>
                </div> <!-- method-content -->
              </div> <!-- method -->
            </div> <!-- main-panel-content rounded-window-bottom -->
          </div> <!-- suite-Suite2-class-passed -->
        </div> <!-- panel Suite2 -->
        <div panel-name="test-xml-Suite2" class="panel">
          <div class="main-panel-header rounded-window-top">
            <span class="header-content">/Users/hjanrao/OWN/contact/testng.xml</span>
          </div> <!-- main-panel-header rounded-window-top -->
          <div class="main-panel-content rounded-window-bottom">
            <pre>
&lt;?xml version=&quot;1.0&quot; encoding=&quot;UTF-8&quot;?&gt;
&lt;!DOCTYPE suite SYSTEM &quot;http://testng.org/testng-1.0.dtd&quot;&gt;
&lt;suite guice-stage=&quot;DEVELOPMENT&quot; verbose=&quot;0&quot; name=&quot;Suite2&quot;&gt;
  &lt;test thread-count=&quot;5&quot; verbose=&quot;0&quot; name=&quot;all-tests&quot;&gt;
    &lt;classes&gt;
      &lt;class name=&quot;tests.ui.ContactUsTests&quot;/&gt;
      &lt;class name=&quot;tests.ui.LandingPageTests&quot;/&gt;
    &lt;/classes&gt;
  &lt;/test&gt; &lt;!-- all-tests --&gt;
&lt;/suite&gt; &lt;!-- Suite2 --&gt;
            </pre>
          </div> <!-- main-panel-content rounded-window-bottom -->
        </div> <!-- panel -->
        <div panel-name="testlist-Suite2" class="panel">
          <div class="main-panel-header rounded-window-top">
            <span class="header-content">Tests for Suite2</span>
          </div> <!-- main-panel-header rounded-window-top -->
          <div class="main-panel-content rounded-window-bottom">
            <ul>
              <li>
                <span class="test-name">all-tests (2 classes)</span>
              </li>
            </ul>
          </div> <!-- main-panel-content rounded-window-bottom -->
        </div> <!-- panel -->
        <div panel-name="group-Suite2" class="panel">
          <div class="main-panel-header rounded-window-top">
            <span class="header-content">Groups for Suite2</span>
          </div> <!-- main-panel-header rounded-window-top -->
          <div class="main-panel-content rounded-window-bottom">
            <div class="test-group">
              <span class="test-group-name">Sanity</span>
              <br/>
              <div class="method-in-group">
                <span class="method-in-group-name">TestCreateQueryWithRequiredFields</span>
                <br/>
              </div> <!-- method-in-group -->
              <div class="method-in-group">
                <span class="method-in-group-name">TestNavigateFromContactMenuOption</span>
                <br/>
              </div> <!-- method-in-group -->
              <div class="method-in-group">
                <span class="method-in-group-name">TestNavigateFromContactUsLink</span>
                <br/>
              </div> <!-- method-in-group -->
            </div> <!-- test-group -->
            <div class="test-group">
              <span class="test-group-name">UI</span>
              <br/>
              <div class="method-in-group">
                <span class="method-in-group-name">TestCreateQueryWithRequiredFields</span>
                <br/>
              </div> <!-- method-in-group -->
              <div class="method-in-group">
                <span class="method-in-group-name">TestNavigateFromContactMenuOption</span>
                <br/>
              </div> <!-- method-in-group -->
              <div class="method-in-group">
                <span class="method-in-group-name">TestNavigateFromContactUsLink</span>
                <br/>
              </div> <!-- method-in-group -->
            </div> <!-- test-group -->
          </div> <!-- main-panel-content rounded-window-bottom -->
        </div> <!-- panel -->
        <div panel-name="times-Suite2" class="panel">
          <div class="main-panel-header rounded-window-top">
            <span class="header-content">Times for Suite2</span>
          </div> <!-- main-panel-header rounded-window-top -->
          <div class="main-panel-content rounded-window-bottom">
            <div class="times-div">
              <script type="text/javascript">
suiteTableInitFunctions.push('tableData_Suite2');
function tableData_Suite2() {
var data = new google.visualization.DataTable();
data.addColumn('number', 'Number');
data.addColumn('string', 'Method');
data.addColumn('string', 'Class');
data.addColumn('number', 'Time (ms)');
data.addRows(12);
data.setCell(0, 0, 0)
data.setCell(0, 1, 'TestMoreThan500CharactersNotAllowed')
data.setCell(0, 2, 'tests.ui.ContactUsTests')
data.setCell(0, 3, 14564);
data.setCell(1, 0, 1)
data.setCell(1, 1, 'TestMandatoryFields')
data.setCell(1, 2, 'tests.ui.ContactUsTests')
data.setCell(1, 3, 13325);
data.setCell(2, 0, 2)
data.setCell(2, 1, 'TestContactUsTestWithMultipleData')
data.setCell(2, 2, 'tests.ui.ContactUsTests')
data.setCell(2, 3, 3695);
data.setCell(3, 0, 3)
data.setCell(3, 1, 'TestNavigateFromContactMenuOption')
data.setCell(3, 2, 'tests.ui.LandingPageTests')
data.setCell(3, 3, 3400);
data.setCell(4, 0, 4)
data.setCell(4, 1, 'TestContactUsTestWithMultipleData')
data.setCell(4, 2, 'tests.ui.ContactUsTests')
data.setCell(4, 3, 3230);
data.setCell(5, 0, 5)
data.setCell(5, 1, 'TestCreateQueryWithRequiredFields')
data.setCell(5, 2, 'tests.ui.ContactUsTests')
data.setCell(5, 3, 2934);
data.setCell(6, 0, 6)
data.setCell(6, 1, 'TestCreateQueryWithAllFields')
data.setCell(6, 2, 'tests.ui.ContactUsTests')
data.setCell(6, 3, 2544);
data.setCell(7, 0, 7)
data.setCell(7, 1, 'TestNavigateFromContactUsLink')
data.setCell(7, 2, 'tests.ui.LandingPageTests')
data.setCell(7, 3, 1818);
data.setCell(8, 0, 8)
data.setCell(8, 1, 'TestMoreThan500CharactersNotAllowed')
data.setCell(8, 2, 'tests.ui.ContactUsTests')
data.setCell(8, 3, 1637);
data.setCell(9, 0, 9)
data.setCell(9, 1, 'TestGotoPrivacyPolicyPage')
data.setCell(9, 2, 'tests.ui.ContactUsTests')
data.setCell(9, 3, 1602);
data.setCell(10, 0, 10)
data.setCell(10, 1, 'TestContactUsTestWithMultipleData')
data.setCell(10, 2, 'tests.ui.ContactUsTests')
data.setCell(10, 3, 1280);
data.setCell(11, 0, 11)
data.setCell(11, 1, 'TestContactUsEmailLabelText')
data.setCell(11, 2, 'tests.ui.ContactUsTests')
data.setCell(11, 3, 99);
window.suiteTableData['Suite2']= { tableData: data, tableDiv: 'times-div-Suite2'}
return data;
}
              </script>
              <span class="suite-total-time">Total running time: 50 seconds</span>
              <div id="times-div-Suite2">
              </div> <!-- times-div-Suite2 -->
            </div> <!-- times-div -->
          </div> <!-- main-panel-content rounded-window-bottom -->
        </div> <!-- panel -->
        <div panel-name="reporter-Suite2" class="panel">
          <div class="main-panel-header rounded-window-top">
            <span class="header-content">Reporter output for Suite2</span>
          </div> <!-- main-panel-header rounded-window-top -->
          <div class="main-panel-content rounded-window-bottom">
          </div> <!-- main-panel-content rounded-window-bottom -->
        </div> <!-- panel -->
        <div panel-name="ignored-methods-Suite2" class="panel">
          <div class="main-panel-header rounded-window-top">
            <span class="header-content">0 ignored methods</span>
          </div> <!-- main-panel-header rounded-window-top -->
          <div class="main-panel-content rounded-window-bottom">
          </div> <!-- main-panel-content rounded-window-bottom -->
        </div> <!-- panel -->
        <div panel-name="chronological-Suite2" class="panel">
          <div class="main-panel-header rounded-window-top">
            <span class="header-content">Methods in chronological order</span>
          </div> <!-- main-panel-header rounded-window-top -->
          <div class="main-panel-content rounded-window-bottom">
            <div class="chronological-class">
              <div class="chronological-class-name">tests.ui.ContactUsTests</div> <!-- chronological-class-name -->
              <div class="configuration-class before">
                <span class="method-name">baseTestBeforeClass</span>
                <span class="method-start">0 ms</span>
              </div> <!-- configuration-class before -->
              <div class="configuration-class before">
                <span class="method-name">initializeDriver</span>
                <span class="method-start">12 ms</span>
              </div> <!-- configuration-class before -->
              <div class="configuration-class before">
                <span class="method-name">beforeClass</span>
                <span class="method-start">3649 ms</span>
              </div> <!-- configuration-class before -->
              <div class="configuration-method before">
                <span class="method-name">logStartMethod(public void tests.ui.ContactUsTests.TestContactUsEmailLabelText())</span>
                <span class="method-start">29682 ms</span>
              </div> <!-- configuration-method before -->
              <div class="configuration-method before">
                <span class="method-name">beforeMethod</span>
                <span class="method-start">29740 ms</span>
              </div> <!-- configuration-method before -->
              <div class="test-method">
                <span class="method-name">TestContactUsEmailLabelText</span>
                <span class="method-start">32520 ms</span>
              </div> <!-- test-method -->
              <div class="configuration-method after">
                <span class="method-name">logEndMethod(public void tests.ui.ContactUsTests.TestContactUsEmailLabelText())</span>
                <span class="method-start">32629 ms</span>
              </div> <!-- configuration-method after -->
              <div class="configuration-method before">
                <span class="method-name">logStartMethod(public void tests.ui.ContactUsTests.TestContactUsTestWithMultipleData(java.lang.String,java.lang.Str...)</span>
                <span class="method-start">32775 ms</span>
              </div> <!-- configuration-method before -->
              <div class="configuration-method before">
                <span class="method-name">beforeMethod</span>
                <span class="method-start">32777 ms</span>
              </div> <!-- configuration-method before -->
              <div class="test-method">
                <span class="method-name">TestContactUsTestWithMultipleData(Hemant, Janrao, hemant.janrao@gmail.com, Test company, http://www.testcompany.com, true, Network/Exc...)</span>
                <span class="method-start">34758 ms</span>
              </div> <!-- test-method -->
              <div class="configuration-method after">
                <span class="method-name">logEndMethod(public void tests.ui.ContactUsTests.TestContactUsTestWithMultipleData(java.lang.String,java.lang.Str...)</span>
                <span class="method-start">39411 ms</span>
              </div> <!-- configuration-method after -->
              <div class="configuration-method before">
                <span class="method-name">logStartMethod(public void tests.ui.ContactUsTests.TestContactUsTestWithMultipleData(java.lang.String,java.lang.Str...)</span>
                <span class="method-start">39520 ms</span>
              </div> <!-- configuration-method before -->
              <div class="configuration-method before">
                <span class="method-name">beforeMethod</span>
                <span class="method-start">39521 ms</span>
              </div> <!-- configuration-method before -->
              <div class="test-method">
                <img src="failed.png">
                </img>
                <span class="method-name">TestContactUsTestWithMultipleData(Hemant, Janrao, hemant.janrao@gmail.com, Test company, http://www.testcompany.com, true, Network/Exc...)</span>
                <span class="method-start">42148 ms</span>
              </div> <!-- test-method -->
              <div class="configuration-method after">
                <span class="method-name">logEndMethod(public void tests.ui.ContactUsTests.TestContactUsTestWithMultipleData(java.lang.String,java.lang.Str...)</span>
                <span class="method-start">44307 ms</span>
              </div> <!-- configuration-method after -->
              <div class="configuration-method before">
                <span class="method-name">logStartMethod(public void tests.ui.ContactUsTests.TestContactUsTestWithMultipleData(java.lang.String,java.lang.Str...)</span>
                <span class="method-start">44309 ms</span>
              </div> <!-- configuration-method before -->
              <div class="configuration-method before">
                <span class="method-name">beforeMethod</span>
                <span class="method-start">44310 ms</span>
              </div> <!-- configuration-method before -->
              <div class="test-method">
                <span class="method-name">TestContactUsTestWithMultipleData(Ravi, Janrao, hemant.janrao@gmail.com, Test company, http://www.testcompany.com, true, Agency, Nepal...)</span>
                <span class="method-start">45854 ms</span>
              </div> <!-- test-method -->
              <div class="configuration-method after">
                <span class="method-name">logEndMethod(public void tests.ui.ContactUsTests.TestContactUsTestWithMultipleData(java.lang.String,java.lang.Str...)</span>
                <span class="method-start">49085 ms</span>
              </div> <!-- configuration-method after -->
              <div class="configuration-method before">
                <span class="method-name">logStartMethod(public void tests.ui.ContactUsTests.TestCreateQueryWithAllFields())</span>
                <span class="method-start">49086 ms</span>
              </div> <!-- configuration-method before -->
              <div class="configuration-method before">
                <span class="method-name">beforeMethod</span>
                <span class="method-start">49087 ms</span>
              </div> <!-- configuration-method before -->
              <div class="test-method">
                <span class="method-name">TestCreateQueryWithAllFields</span>
                <span class="method-start">53288 ms</span>
              </div> <!-- test-method -->
              <div class="configuration-method after">
                <span class="method-name">logEndMethod(public void tests.ui.ContactUsTests.TestCreateQueryWithAllFields())</span>
                <span class="method-start">55833 ms</span>
              </div> <!-- configuration-method after -->
              <div class="configuration-method before">
                <span class="method-name">logStartMethod(public void tests.ui.ContactUsTests.TestCreateQueryWithRequiredFields())</span>
                <span class="method-start">55834 ms</span>
              </div> <!-- configuration-method before -->
              <div class="configuration-method before">
                <span class="method-name">beforeMethod</span>
                <span class="method-start">55835 ms</span>
              </div> <!-- configuration-method before -->
              <div class="test-method">
                <span class="method-name">TestCreateQueryWithRequiredFields</span>
                <span class="method-start">57972 ms</span>
              </div> <!-- test-method -->
              <div class="configuration-method after">
                <span class="method-name">logEndMethod(public void tests.ui.ContactUsTests.TestCreateQueryWithRequiredFields())</span>
                <span class="method-start">60907 ms</span>
              </div> <!-- configuration-method after -->
              <div class="configuration-method before">
                <span class="method-name">logStartMethod(public void tests.ui.ContactUsTests.TestGotoPrivacyPolicyPage())</span>
                <span class="method-start">60908 ms</span>
              </div> <!-- configuration-method before -->
              <div class="configuration-method before">
                <span class="method-name">beforeMethod</span>
                <span class="method-start">60909 ms</span>
              </div> <!-- configuration-method before -->
              <div class="test-method">
                <span class="method-name">TestGotoPrivacyPolicyPage</span>
                <span class="method-start">63455 ms</span>
              </div> <!-- test-method -->
              <div class="configuration-method after">
                <span class="method-name">logEndMethod(public void tests.ui.ContactUsTests.TestGotoPrivacyPolicyPage())</span>
                <span class="method-start">65060 ms</span>
              </div> <!-- configuration-method after -->
              <div class="configuration-method before">
                <span class="method-name">logStartMethod(public void tests.ui.ContactUsTests.TestMandatoryFields())</span>
                <span class="method-start">65061 ms</span>
              </div> <!-- configuration-method before -->
              <div class="configuration-method before">
                <span class="method-name">beforeMethod</span>
                <span class="method-start">65062 ms</span>
              </div> <!-- configuration-method before -->
              <div class="test-method">
                <span class="method-name">TestMandatoryFields</span>
                <span class="method-start">67095 ms</span>
              </div> <!-- test-method -->
              <div class="configuration-method after">
                <span class="method-name">logEndMethod(public void tests.ui.ContactUsTests.TestMandatoryFields())</span>
                <span class="method-start">80421 ms</span>
              </div> <!-- configuration-method after -->
              <div class="configuration-method before">
                <span class="method-name">logStartMethod(public void tests.ui.ContactUsTests.TestMoreThan500CharactersNotAllowed())</span>
                <span class="method-start">80422 ms</span>
              </div> <!-- configuration-method before -->
              <div class="configuration-method before">
                <span class="method-name">beforeMethod</span>
                <span class="method-start">80422 ms</span>
              </div> <!-- configuration-method before -->
              <div class="test-method">
                <span class="method-name">TestMoreThan500CharactersNotAllowed</span>
                <span class="method-start">81821 ms</span>
              </div> <!-- test-method -->
              <div class="configuration-method after">
                <span class="method-name">logEndMethod(public void tests.ui.ContactUsTests.TestMoreThan500CharactersNotAllowed())</span>
                <span class="method-start">84419 ms</span>
              </div> <!-- configuration-method after -->
              <div class="configuration-method before">
                <span class="method-name">logStartMethod(public void tests.ui.ContactUsTests.TestMoreThan500CharactersNotAllowed())</span>
                <span class="method-start">84419 ms</span>
              </div> <!-- configuration-method before -->
              <div class="configuration-method before">
                <span class="method-name">beforeMethod</span>
                <span class="method-start">84420 ms</span>
              </div> <!-- configuration-method before -->
              <div class="test-method">
                <span class="method-name">TestMoreThan500CharactersNotAllowed</span>
                <span class="method-start">86157 ms</span>
              </div> <!-- test-method -->
              <div class="configuration-method after">
                <span class="method-name">logEndMethod(public void tests.ui.ContactUsTests.TestMoreThan500CharactersNotAllowed())</span>
                <span class="method-start">100721 ms</span>
              </div> <!-- configuration-method after -->
              <div class="configuration-class after">
                <span class="method-name">afterTests</span>
                <span class="method-start">100723 ms</span>
              </div> <!-- configuration-class after -->
              <div class="configuration-class after">
                <span class="method-name">destroyDriver</span>
                <span class="method-start">100825 ms</span>
              </div> <!-- configuration-class after -->
              <div class="configuration-class after">
                <span class="method-name">baseTestAfterClass</span>
                <span class="method-start">100825 ms</span>
              </div> <!-- configuration-class after -->
            </div> <!-- chronological-class -->
            <div class="chronological-class">
              <div class="chronological-class-name">tests.ui.LandingPageTests</div> <!-- chronological-class-name -->
              <div class="configuration-class before">
                <span class="method-name">baseTestBeforeClass</span>
                <span class="method-start">100827 ms</span>
              </div> <!-- configuration-class before -->
              <div class="configuration-class before">
                <span class="method-name">initializeDriver</span>
                <span class="method-start">100827 ms</span>
              </div> <!-- configuration-class before -->
              <div class="configuration-class before">
                <span class="method-name">beforeClass</span>
                <span class="method-start">102170 ms</span>
              </div> <!-- configuration-class before -->
              <div class="configuration-method before">
                <span class="method-name">logStartMethod(public void tests.ui.LandingPageTests.TestNavigateFromContactMenuOption())</span>
                <span class="method-start">139340 ms</span>
              </div> <!-- configuration-method before -->
              <div class="test-method">
                <span class="method-name">TestNavigateFromContactMenuOption</span>
                <span class="method-start">139342 ms</span>
              </div> <!-- test-method -->
              <div class="configuration-method after">
                <span class="method-name">logEndMethod(public void tests.ui.LandingPageTests.TestNavigateFromContactMenuOption())</span>
                <span class="method-start">142743 ms</span>
              </div> <!-- configuration-method after -->
              <div class="configuration-method before">
                <span class="method-name">logStartMethod(public void tests.ui.LandingPageTests.TestNavigateFromContactUsLink())</span>
                <span class="method-start">142745 ms</span>
              </div> <!-- configuration-method before -->
              <div class="test-method">
                <span class="method-name">TestNavigateFromContactUsLink</span>
                <span class="method-start">142746 ms</span>
              </div> <!-- test-method -->
              <div class="configuration-method after">
                <span class="method-name">logEndMethod(public void tests.ui.LandingPageTests.TestNavigateFromContactUsLink())</span>
                <span class="method-start">144564 ms</span>
              </div> <!-- configuration-method after -->
              <div class="configuration-class after">
                <span class="method-name">afterTests</span>
                <span class="method-start">144566 ms</span>
              </div> <!-- configuration-class after -->
              <div class="configuration-class after">
                <span class="method-name">destroyDriver</span>
                <span class="method-start">144664 ms</span>
              </div> <!-- configuration-class after -->
              <div class="configuration-class after">
                <span class="method-name">baseTestAfterClass</span>
                <span class="method-start">144664 ms</span>
              </div> <!-- configuration-class after -->
          </div> <!-- main-panel-content rounded-window-bottom -->
        </div> <!-- panel -->
      </div> <!-- main-panel-root -->
    </div> <!-- wrapper -->
  </body>
</html>
