<?xml version="1.0" encoding="UTF-8"?>
<testng-results skipped="2" failed="1" ignored="0" total="12" passed="9">
  <reporter-output>
  </reporter-output>
  <suite name="Suite2" duration-ms="144672" started-at="2019-04-17T19:47:55Z" finished-at="2019-04-17T19:50:19Z">
    <groups>
      <group name="Sanity">
        <method signature="ContactUsTests.TestCreateQueryWithRequiredFields()[pri:0, instance:tests.ui.ContactUsTests@6591f517]" name="TestCreateQueryWithRequiredFields" class="tests.ui.ContactUsTests"/>
        <method signature="LandingPageTests.TestNavigateFromContactMenuOption()[pri:0, instance:tests.ui.LandingPageTests@345965f2]" name="TestNavigateFromContactMenuOption" class="tests.ui.LandingPageTests"/>
        <method signature="LandingPageTests.TestNavigateFromContactUsLink()[pri:0, instance:tests.ui.LandingPageTests@345965f2]" name="TestNavigateFromContactUsLink" class="tests.ui.LandingPageTests"/>
      </group> <!-- Sanity -->
      <group name="UI">
        <method signature="ContactUsTests.TestCreateQueryWithRequiredFields()[pri:0, instance:tests.ui.ContactUsTests@6591f517]" name="TestCreateQueryWithRequiredFields" class="tests.ui.ContactUsTests"/>
        <method signature="LandingPageTests.TestNavigateFromContactMenuOption()[pri:0, instance:tests.ui.LandingPageTests@345965f2]" name="TestNavigateFromContactMenuOption" class="tests.ui.LandingPageTests"/>
        <method signature="LandingPageTests.TestNavigateFromContactUsLink()[pri:0, instance:tests.ui.LandingPageTests@345965f2]" name="TestNavigateFromContactUsLink" class="tests.ui.LandingPageTests"/>
      </group> <!-- UI -->
    </groups>
    <test name="all-tests" duration-ms="144672" started-at="2019-04-17T19:47:55Z" finished-at="2019-04-17T19:50:19Z">
      <class name="tests.ui.LandingPageTests">
        <test-method status="PASS" signature="initializeDriver()[pri:0, instance:tests.ui.LandingPageTests@345965f2]" name="initializeDriver" is-config="true" duration-ms="1343" started-at="2019-04-17T19:49:35Z" finished-at="2019-04-17T19:49:37Z">
          <reporter-output>
          </reporter-output>
        </test-method> <!-- initializeDriver -->
        <test-method status="PASS" signature="baseTestBeforeClass()[pri:0, instance:tests.ui.LandingPageTests@345965f2]" name="baseTestBeforeClass" is-config="true" duration-ms="0" started-at="2019-04-17T19:49:35Z" finished-at="2019-04-17T19:49:35Z">
          <reporter-output>
          </reporter-output>
        </test-method> <!-- baseTestBeforeClass -->
        <test-method status="PASS" signature="beforeClass()[pri:0, instance:tests.ui.LandingPageTests@345965f2]" name="beforeClass" is-config="true" duration-ms="37170" started-at="2019-04-17T19:49:37Z" finished-at="2019-04-17T19:50:14Z">
          <reporter-output>
          </reporter-output>
        </test-method> <!-- beforeClass -->
        <test-method status="PASS" signature="logStartMethod(java.lang.reflect.Method)[pri:0, instance:tests.ui.LandingPageTests@345965f2]" name="logStartMethod" is-config="true" duration-ms="0" started-at="2019-04-17T19:50:14Z" finished-at="2019-04-17T19:50:14Z">
          <params>
            <param index="0">
              <value>
                <![CDATA[public void tests.ui.LandingPageTests.TestNavigateFromContactMenuOption()]]>
              </value>
            </param>
          </params>
          <reporter-output>
          </reporter-output>
        </test-method> <!-- logStartMethod -->
        <test-method status="PASS" signature="TestNavigateFromContactMenuOption()[pri:0, instance:tests.ui.LandingPageTests@345965f2]" name="TestNavigateFromContactMenuOption" duration-ms="3400" started-at="2019-04-17T19:50:14Z" finished-at="2019-04-17T19:50:17Z">
          <reporter-output>
          </reporter-output>
        </test-method> <!-- TestNavigateFromContactMenuOption -->
        <test-method status="PASS" signature="logEndMethod(java.lang.reflect.Method)[pri:0, instance:tests.ui.LandingPageTests@345965f2]" name="logEndMethod" is-config="true" duration-ms="1" started-at="2019-04-17T19:50:17Z" finished-at="2019-04-17T19:50:17Z">
          <params>
            <param index="0">
              <value>
                <![CDATA[public void tests.ui.LandingPageTests.TestNavigateFromContactMenuOption()]]>
              </value>
            </param>
          </params>
          <reporter-output>
          </reporter-output>
        </test-method> <!-- logEndMethod -->
        <test-method status="PASS" signature="logStartMethod(java.lang.reflect.Method)[pri:0, instance:tests.ui.LandingPageTests@345965f2]" name="logStartMethod" is-config="true" duration-ms="0" started-at="2019-04-17T19:50:17Z" finished-at="2019-04-17T19:50:17Z">
          <params>
            <param index="0">
              <value>
                <![CDATA[public void tests.ui.LandingPageTests.TestNavigateFromContactUsLink()]]>
              </value>
            </param>
          </params>
          <reporter-output>
          </reporter-output>
        </test-method> <!-- logStartMethod -->
        <test-method status="PASS" signature="TestNavigateFromContactUsLink()[pri:0, instance:tests.ui.LandingPageTests@345965f2]" name="TestNavigateFromContactUsLink" duration-ms="1818" started-at="2019-04-17T19:50:17Z" finished-at="2019-04-17T19:50:19Z">
          <reporter-output>
          </reporter-output>
        </test-method> <!-- TestNavigateFromContactUsLink -->
        <test-method status="PASS" signature="logEndMethod(java.lang.reflect.Method)[pri:0, instance:tests.ui.LandingPageTests@345965f2]" name="logEndMethod" is-config="true" duration-ms="1" started-at="2019-04-17T19:50:19Z" finished-at="2019-04-17T19:50:19Z">
          <params>
            <param index="0">
              <value>
                <![CDATA[public void tests.ui.LandingPageTests.TestNavigateFromContactUsLink()]]>
              </value>
            </param>
          </params>
          <reporter-output>
          </reporter-output>
        </test-method> <!-- logEndMethod -->
        <test-method status="PASS" signature="afterTests()[pri:0, instance:tests.ui.LandingPageTests@345965f2]" name="afterTests" is-config="true" duration-ms="98" started-at="2019-04-17T19:50:19Z" finished-at="2019-04-17T19:50:19Z">
          <reporter-output>
          </reporter-output>
        </test-method> <!-- afterTests -->
        <test-method status="PASS" signature="destroyDriver()[pri:0, instance:tests.ui.LandingPageTests@345965f2]" name="destroyDriver" is-config="true" duration-ms="0" started-at="2019-04-17T19:50:19Z" finished-at="2019-04-17T19:50:19Z">
          <reporter-output>
          </reporter-output>
        </test-method> <!-- destroyDriver -->
        <test-method status="PASS" signature="baseTestAfterClass()[pri:0, instance:tests.ui.LandingPageTests@345965f2]" name="baseTestAfterClass" is-config="true" duration-ms="0" started-at="2019-04-17T19:50:19Z" finished-at="2019-04-17T19:50:19Z">
          <reporter-output>
          </reporter-output>
        </test-method> <!-- baseTestAfterClass -->
      </class> <!-- tests.ui.LandingPageTests -->
      <class name="tests.ui.ContactUsTests">
        <test-method status="PASS" signature="baseTestBeforeClass()[pri:0, instance:tests.ui.ContactUsTests@6591f517]" name="baseTestBeforeClass" is-config="true" duration-ms="9" started-at="2019-04-17T19:47:55Z" finished-at="2019-04-17T19:47:55Z">
          <reporter-output>
          </reporter-output>
        </test-method> <!-- baseTestBeforeClass -->
        <test-method status="PASS" signature="initializeDriver()[pri:0, instance:tests.ui.ContactUsTests@6591f517]" name="initializeDriver" is-config="true" duration-ms="3637" started-at="2019-04-17T19:47:55Z" finished-at="2019-04-17T19:47:58Z">
          <reporter-output>
          </reporter-output>
        </test-method> <!-- initializeDriver -->
        <test-method status="PASS" signature="beforeClass()[pri:0, instance:tests.ui.ContactUsTests@6591f517]" name="beforeClass" is-config="true" duration-ms="26027" started-at="2019-04-17T19:47:58Z" finished-at="2019-04-17T19:48:24Z">
          <reporter-output>
          </reporter-output>
        </test-method> <!-- beforeClass -->
        <test-method status="PASS" signature="logStartMethod(java.lang.reflect.Method)[pri:0, instance:tests.ui.ContactUsTests@6591f517]" name="logStartMethod" is-config="true" duration-ms="1" started-at="2019-04-17T19:48:24Z" finished-at="2019-04-17T19:48:24Z">
          <params>
            <param index="0">
              <value>
                <![CDATA[public void tests.ui.ContactUsTests.TestContactUsEmailLabelText()]]>
              </value>
            </param>
          </params>
          <reporter-output>
          </reporter-output>
        </test-method> <!-- logStartMethod -->
        <test-method status="PASS" signature="beforeMethod()[pri:0, instance:tests.ui.ContactUsTests@6591f517]" name="beforeMethod" is-config="true" duration-ms="2778" started-at="2019-04-17T19:48:24Z" finished-at="2019-04-17T19:48:27Z">
          <reporter-output>
          </reporter-output>
        </test-method> <!-- beforeMethod -->
        <test-method status="PASS" signature="TestContactUsEmailLabelText()[pri:0, instance:tests.ui.ContactUsTests@6591f517]" name="TestContactUsEmailLabelText" duration-ms="99" started-at="2019-04-17T19:48:27Z" finished-at="2019-04-17T19:48:27Z">
          <reporter-output>
          </reporter-output>
        </test-method> <!-- TestContactUsEmailLabelText -->
        <test-method status="PASS" signature="logEndMethod(java.lang.reflect.Method)[pri:0, instance:tests.ui.ContactUsTests@6591f517]" name="logEndMethod" is-config="true" duration-ms="0" started-at="2019-04-17T19:48:27Z" finished-at="2019-04-17T19:48:27Z">
          <params>
            <param index="0">
              <value>
                <![CDATA[public void tests.ui.ContactUsTests.TestContactUsEmailLabelText()]]>
              </value>
            </param>
          </params>
          <reporter-output>
          </reporter-output>
        </test-method> <!-- logEndMethod -->
        <test-method status="PASS" signature="logStartMethod(java.lang.reflect.Method)[pri:0, instance:tests.ui.ContactUsTests@6591f517]" name="logStartMethod" is-config="true" duration-ms="0" started-at="2019-04-17T19:48:27Z" finished-at="2019-04-17T19:48:27Z">
          <params>
            <param index="0">
              <value>
                <![CDATA[public void tests.ui.ContactUsTests.TestContactUsTestWithMultipleData(java.lang.String,java.lang.String,java.lang.String,java.lang.String,java.lang.String,java.lang.String,java.lang.String,java.lang.String,java.lang.String,java.lang.String)]]>
              </value>
            </param>
          </params>
          <reporter-output>
          </reporter-output>
        </test-method> <!-- logStartMethod -->
        <test-method status="PASS" signature="beforeMethod()[pri:0, instance:tests.ui.ContactUsTests@6591f517]" name="beforeMethod" is-config="true" duration-ms="1978" started-at="2019-04-17T19:48:27Z" finished-at="2019-04-17T19:48:29Z">
          <reporter-output>
          </reporter-output>
        </test-method> <!-- beforeMethod -->
        <test-method status="SKIP" signature="TestContactUsTestWithMultipleData(java.lang.String, java.lang.String, java.lang.String, java.lang.String, java.lang.String, java.lang.String, java.lang.String, java.lang.String, java.lang.String, java.lang.String)[pri:0, instance:tests.ui.ContactUsTests@6591f517]" name="TestContactUsTestWithMultipleData" duration-ms="3695" started-at="2019-04-17T19:48:29Z" data-provider="getData" finished-at="2019-04-17T19:48:33Z">
          <params>
            <param index="0">
              <value>
                <![CDATA[Hemant]]>
              </value>
            </param>
            <param index="1">
              <value>
                <![CDATA[Janrao]]>
              </value>
            </param>
            <param index="2">
              <value>
                <![CDATA[hemant.janrao@gmail.com]]>
              </value>
            </param>
            <param index="3">
              <value>
                <![CDATA[Test company]]>
              </value>
            </param>
            <param index="4">
              <value>
                <![CDATA[http://www.testcompany.com]]>
              </value>
            </param>
            <param index="5">
              <value>
                <![CDATA[true]]>
              </value>
            </param>
            <param index="6">
              <value>
                <![CDATA[Network/Exchange]]>
              </value>
            </param>
            <param index="7">
              <value>
                <![CDATA[Algeria]]>
              </value>
            </param>
            <param index="8">
              <value>
                <![CDATA[9130021557]]>
              </value>
            </param>
            <param index="9">
              <value>
                <![CDATA[Test description]]>
              </value>
            </param>
          </params>
          <exception class="org.openqa.selenium.WebDriverException">
            <message>
              <![CDATA[unknown error: Element <button id="submit-button" name="submit" class="form_button button--blue js-submit-button">...</button> is not clickable at point (1080, 465). Other element would receive the click: <div class="flounder__option" data-index="6" role="option">...</div>
  (Session info: chrome=73.0.3683.103)
  (Driver info: chromedriver=73.0.3683.68 (47787ec04b6e38e22703e856e101e840b65afe72),platform=Mac OS X 10.13.6 x86_64) (WARNING: The server did not provide any stacktrace information)
Command duration or timeout: 0 milliseconds
Build info: version: '3.13.0', revision: '2f0d292', time: '2018-06-25T15:24:21.231Z'
System info: host: 'ALT01722', ip: 'fe80:0:0:0:1c00:29e4:1556:f6ba%en0', os.name: 'Mac OS X', os.arch: 'x86_64', os.version: '10.13.6', java.version: '1.8.0_201'
Driver info: org.openqa.selenium.chrome.ChromeDriver
Capabilities {acceptInsecureCerts: false, acceptSslCerts: false, applicationCacheEnabled: false, browserConnectionEnabled: false, browserName: chrome, chrome: {chromedriverVersion: 73.0.3683.68 (47787ec04b6e3..., userDataDir: /var/folders/_g/dtgs_lxs3qg...}, cssSelectorsEnabled: true, databaseEnabled: false, goog:chromeOptions: {debuggerAddress: localhost:49303}, handlesAlerts: true, hasTouchScreen: false, javascriptEnabled: true, locationContextEnabled: true, mobileEmulationEnabled: false, nativeEvents: true, networkConnectionEnabled: false, pageLoadStrategy: normal, platform: MAC, platformName: MAC, proxy: Proxy(), rotatable: false, setWindowRect: true, strictFileInteractability: false, takesHeapSnapshot: true, takesScreenshot: true, timeouts: {implicit: 0, pageLoad: 300000, script: 30000}, unexpectedAlertBehaviour: ignore, unhandledPromptBehavior: ignore, version: 73.0.3683.103, webStorageEnabled: true}
Session ID: c97a1bf72f1b517451e3bf967f91b709]]>
            </message>
            <full-stacktrace>
              <![CDATA[org.openqa.selenium.WebDriverException: unknown error: Element <button id="submit-button" name="submit" class="form_button button--blue js-submit-button">...</button> is not clickable at point (1080, 465). Other element would receive the click: <div class="flounder__option" data-index="6" role="option">...</div>
  (Session info: chrome=73.0.3683.103)
  (Driver info: chromedriver=73.0.3683.68 (47787ec04b6e38e22703e856e101e840b65afe72),platform=Mac OS X 10.13.6 x86_64) (WARNING: The server did not provide any stacktrace information)
Command duration or timeout: 0 milliseconds
Build info: version: '3.13.0', revision: '2f0d292', time: '2018-06-25T15:24:21.231Z'
System info: host: 'ALT01722', ip: 'fe80:0:0:0:1c00:29e4:1556:f6ba%en0', os.name: 'Mac OS X', os.arch: 'x86_64', os.version: '10.13.6', java.version: '1.8.0_201'
Driver info: org.openqa.selenium.chrome.ChromeDriver
Capabilities {acceptInsecureCerts: false, acceptSslCerts: false, applicationCacheEnabled: false, browserConnectionEnabled: false, browserName: chrome, chrome: {chromedriverVersion: 73.0.3683.68 (47787ec04b6e3..., userDataDir: /var/folders/_g/dtgs_lxs3qg...}, cssSelectorsEnabled: true, databaseEnabled: false, goog:chromeOptions: {debuggerAddress: localhost:49303}, handlesAlerts: true, hasTouchScreen: false, javascriptEnabled: true, locationContextEnabled: true, mobileEmulationEnabled: false, nativeEvents: true, networkConnectionEnabled: false, pageLoadStrategy: normal, platform: MAC, platformName: MAC, proxy: Proxy(), rotatable: false, setWindowRect: true, strictFileInteractability: false, takesHeapSnapshot: true, takesScreenshot: true, timeouts: {implicit: 0, pageLoad: 300000, script: 30000}, unexpectedAlertBehaviour: ignore, unhandledPromptBehavior: ignore, version: 73.0.3683.103, webStorageEnabled: true}
Session ID: c97a1bf72f1b517451e3bf967f91b709
at sun.reflect.NativeConstructorAccessorImpl.newInstance0(Native Method)
at sun.reflect.NativeConstructorAccessorImpl.newInstance(NativeConstructorAccessorImpl.java:62)
at sun.reflect.DelegatingConstructorAccessorImpl.newInstance(DelegatingConstructorAccessorImpl.java:45)
at java.lang.reflect.Constructor.newInstance(Constructor.java:423)
at org.openqa.selenium.remote.ErrorHandler.createThrowable(ErrorHandler.java:214)
at org.openqa.selenium.remote.ErrorHandler.throwIfResponseFailed(ErrorHandler.java:166)
at org.openqa.selenium.remote.http.JsonHttpResponseCodec.reconstructValue(JsonHttpResponseCodec.java:40)
at org.openqa.selenium.remote.http.AbstractHttpResponseCodec.decode(AbstractHttpResponseCodec.java:80)
at org.openqa.selenium.remote.http.AbstractHttpResponseCodec.decode(AbstractHttpResponseCodec.java:44)
at org.openqa.selenium.remote.HttpCommandExecutor.execute(HttpCommandExecutor.java:158)
at org.openqa.selenium.remote.service.DriverCommandExecutor.execute(DriverCommandExecutor.java:83)
at org.openqa.selenium.remote.RemoteWebDriver.execute(RemoteWebDriver.java:548)
at org.openqa.selenium.remote.RemoteWebElement.execute(RemoteWebElement.java:276)
at org.openqa.selenium.remote.RemoteWebElement.click(RemoteWebElement.java:83)
at sun.reflect.NativeMethodAccessorImpl.invoke0(Native Method)
at sun.reflect.NativeMethodAccessorImpl.invoke(NativeMethodAccessorImpl.java:62)
at sun.reflect.DelegatingMethodAccessorImpl.invoke(DelegatingMethodAccessorImpl.java:43)
at java.lang.reflect.Method.invoke(Method.java:498)
at org.openqa.selenium.support.pagefactory.internal.LocatingElementHandler.invoke(LocatingElementHandler.java:51)
at com.sun.proxy.$Proxy13.click(Unknown Source)
at driver.WebUtils.clickWithWaitForElement(WebUtils.java:86)
at tests.pages.ContactUsPage.submitData(ContactUsPage.java:164)
at tests.pages.ContactUsPage.contactUSTest(ContactUsPage.java:147)
at tests.ui.ContactUsTests.TestContactUsTestWithMultipleData(ContactUsTests.java:39)
at sun.reflect.NativeMethodAccessorImpl.invoke0(Native Method)
at sun.reflect.NativeMethodAccessorImpl.invoke(NativeMethodAccessorImpl.java:62)
at sun.reflect.DelegatingMethodAccessorImpl.invoke(DelegatingMethodAccessorImpl.java:43)
at java.lang.reflect.Method.invoke(Method.java:498)
at org.testng.internal.MethodInvocationHelper.invokeMethod(MethodInvocationHelper.java:124)
at org.testng.internal.Invoker.invokeMethod(Invoker.java:583)
at org.testng.internal.Invoker.invokeTestMethod(Invoker.java:719)
at org.testng.internal.Invoker.invokeTestMethods(Invoker.java:989)
at org.testng.internal.TestMethodWorker.invokeTestMethods(TestMethodWorker.java:125)
at org.testng.internal.TestMethodWorker.run(TestMethodWorker.java:109)
at org.testng.TestRunner.privateRun(TestRunner.java:648)
at org.testng.TestRunner.run(TestRunner.java:505)
at org.testng.SuiteRunner.runTest(SuiteRunner.java:455)
at org.testng.SuiteRunner.runSequentially(SuiteRunner.java:450)
at org.testng.SuiteRunner.privateRun(SuiteRunner.java:415)
at org.testng.SuiteRunner.run(SuiteRunner.java:364)
at org.testng.SuiteRunnerWorker.runSuite(SuiteRunnerWorker.java:52)
at org.testng.SuiteRunnerWorker.run(SuiteRunnerWorker.java:84)
at org.testng.TestNG.runSuitesSequentially(TestNG.java:1208)
at org.testng.TestNG.runSuitesLocally(TestNG.java:1137)
at org.testng.TestNG.runSuites(TestNG.java:1049)
at org.testng.TestNG.run(TestNG.java:1017)
at org.apache.maven.surefire.testng.TestNGExecutor.run(TestNGExecutor.java:178)
at org.apache.maven.surefire.testng.TestNGXmlTestSuite.execute(TestNGXmlTestSuite.java:92)
at org.apache.maven.surefire.testng.TestNGProvider.invoke(TestNGProvider.java:96)
at sun.reflect.NativeMethodAccessorImpl.invoke0(Native Method)
at sun.reflect.NativeMethodAccessorImpl.invoke(NativeMethodAccessorImpl.java:62)
at sun.reflect.DelegatingMethodAccessorImpl.invoke(DelegatingMethodAccessorImpl.java:43)
at java.lang.reflect.Method.invoke(Method.java:498)
at org.apache.maven.surefire.util.ReflectionUtils.invokeMethodWithArray2(ReflectionUtils.java:208)
at org.apache.maven.surefire.booter.ProviderFactory$ProviderProxy.invoke(ProviderFactory.java:159)
at org.apache.maven.surefire.booter.ProviderFactory.invokeProvider(ProviderFactory.java:87)
at org.apache.maven.surefire.booter.ForkedBooter.runSuitesInProcess(ForkedBooter.java:153)
at org.apache.maven.surefire.booter.ForkedBooter.main(ForkedBooter.java:95)
]]>
            </full-stacktrace>
          </exception> <!-- org.openqa.selenium.WebDriverException -->
          <reporter-output>
          </reporter-output>
        </test-method> <!-- TestContactUsTestWithMultipleData -->
        <test-method status="PASS" signature="logEndMethod(java.lang.reflect.Method)[pri:0, instance:tests.ui.ContactUsTests@6591f517]" name="logEndMethod" is-config="true" duration-ms="0" started-at="2019-04-17T19:48:34Z" finished-at="2019-04-17T19:48:34Z">
          <params>
            <param index="0">
              <value>
                <![CDATA[public void tests.ui.ContactUsTests.TestContactUsTestWithMultipleData(java.lang.String,java.lang.String,java.lang.String,java.lang.String,java.lang.String,java.lang.String,java.lang.String,java.lang.String,java.lang.String,java.lang.String)]]>
              </value>
            </param>
          </params>
          <reporter-output>
          </reporter-output>
        </test-method> <!-- logEndMethod -->
        <test-method status="PASS" signature="logStartMethod(java.lang.reflect.Method)[pri:0, instance:tests.ui.ContactUsTests@6591f517]" name="logStartMethod" is-config="true" duration-ms="0" started-at="2019-04-17T19:48:34Z" finished-at="2019-04-17T19:48:34Z">
          <params>
            <param index="0">
              <value>
                <![CDATA[public void tests.ui.ContactUsTests.TestContactUsTestWithMultipleData(java.lang.String,java.lang.String,java.lang.String,java.lang.String,java.lang.String,java.lang.String,java.lang.String,java.lang.String,java.lang.String,java.lang.String)]]>
              </value>
            </param>
          </params>
          <reporter-output>
          </reporter-output>
        </test-method> <!-- logStartMethod -->
        <test-method status="PASS" signature="beforeMethod()[pri:0, instance:tests.ui.ContactUsTests@6591f517]" name="beforeMethod" is-config="true" duration-ms="2627" started-at="2019-04-17T19:48:34Z" finished-at="2019-04-17T19:48:37Z">
          <reporter-output>
          </reporter-output>
        </test-method> <!-- beforeMethod -->
        <test-method status="FAIL" signature="TestContactUsTestWithMultipleData(java.lang.String, java.lang.String, java.lang.String, java.lang.String, java.lang.String, java.lang.String, java.lang.String, java.lang.String, java.lang.String, java.lang.String)[pri:0, instance:tests.ui.ContactUsTests@6591f517]" name="TestContactUsTestWithMultipleData" duration-ms="1280" started-at="2019-04-17T19:48:37Z" data-provider="getData" finished-at="2019-04-17T19:48:38Z">
          <params>
            <param index="0">
              <value>
                <![CDATA[Hemant]]>
              </value>
            </param>
            <param index="1">
              <value>
                <![CDATA[Janrao]]>
              </value>
            </param>
            <param index="2">
              <value>
                <![CDATA[hemant.janrao@gmail.com]]>
              </value>
            </param>
            <param index="3">
              <value>
                <![CDATA[Test company]]>
              </value>
            </param>
            <param index="4">
              <value>
                <![CDATA[http://www.testcompany.com]]>
              </value>
            </param>
            <param index="5">
              <value>
                <![CDATA[true]]>
              </value>
            </param>
            <param index="6">
              <value>
                <![CDATA[Network/Exchange]]>
              </value>
            </param>
            <param index="7">
              <value>
                <![CDATA[Algeria]]>
              </value>
            </param>
            <param index="8">
              <value>
                <![CDATA[9130021557]]>
              </value>
            </param>
            <param index="9">
              <value>
                <![CDATA[Test description]]>
              </value>
            </param>
          </params>
          <exception class="org.openqa.selenium.WebDriverException">
            <message>
              <![CDATA[unknown error: Element <button id="submit-button" name="submit" class="form_button button--blue js-submit-button">...</button> is not clickable at point (1080, 465). Other element would receive the click: <div class="flounder__option" data-index="6" role="option">...</div>
  (Session info: chrome=73.0.3683.103)
  (Driver info: chromedriver=73.0.3683.68 (47787ec04b6e38e22703e856e101e840b65afe72),platform=Mac OS X 10.13.6 x86_64) (WARNING: The server did not provide any stacktrace information)
Command duration or timeout: 0 milliseconds
Build info: version: '3.13.0', revision: '2f0d292', time: '2018-06-25T15:24:21.231Z'
System info: host: 'ALT01722', ip: 'fe80:0:0:0:1c00:29e4:1556:f6ba%en0', os.name: 'Mac OS X', os.arch: 'x86_64', os.version: '10.13.6', java.version: '1.8.0_201'
Driver info: org.openqa.selenium.chrome.ChromeDriver
Capabilities {acceptInsecureCerts: false, acceptSslCerts: false, applicationCacheEnabled: false, browserConnectionEnabled: false, browserName: chrome, chrome: {chromedriverVersion: 73.0.3683.68 (47787ec04b6e3..., userDataDir: /var/folders/_g/dtgs_lxs3qg...}, cssSelectorsEnabled: true, databaseEnabled: false, goog:chromeOptions: {debuggerAddress: localhost:49303}, handlesAlerts: true, hasTouchScreen: false, javascriptEnabled: true, locationContextEnabled: true, mobileEmulationEnabled: false, nativeEvents: true, networkConnectionEnabled: false, pageLoadStrategy: normal, platform: MAC, platformName: MAC, proxy: Proxy(), rotatable: false, setWindowRect: true, strictFileInteractability: false, takesHeapSnapshot: true, takesScreenshot: true, timeouts: {implicit: 0, pageLoad: 300000, script: 30000}, unexpectedAlertBehaviour: ignore, unhandledPromptBehavior: ignore, version: 73.0.3683.103, webStorageEnabled: true}
Session ID: c97a1bf72f1b517451e3bf967f91b709]]>
            </message>
            <full-stacktrace>
              <![CDATA[org.openqa.selenium.WebDriverException: unknown error: Element <button id="submit-button" name="submit" class="form_button button--blue js-submit-button">...</button> is not clickable at point (1080, 465). Other element would receive the click: <div class="flounder__option" data-index="6" role="option">...</div>
  (Session info: chrome=73.0.3683.103)
  (Driver info: chromedriver=73.0.3683.68 (47787ec04b6e38e22703e856e101e840b65afe72),platform=Mac OS X 10.13.6 x86_64) (WARNING: The server did not provide any stacktrace information)
Command duration or timeout: 0 milliseconds
Build info: version: '3.13.0', revision: '2f0d292', time: '2018-06-25T15:24:21.231Z'
System info: host: 'ALT01722', ip: 'fe80:0:0:0:1c00:29e4:1556:f6ba%en0', os.name: 'Mac OS X', os.arch: 'x86_64', os.version: '10.13.6', java.version: '1.8.0_201'
Driver info: org.openqa.selenium.chrome.ChromeDriver
Capabilities {acceptInsecureCerts: false, acceptSslCerts: false, applicationCacheEnabled: false, browserConnectionEnabled: false, browserName: chrome, chrome: {chromedriverVersion: 73.0.3683.68 (47787ec04b6e3..., userDataDir: /var/folders/_g/dtgs_lxs3qg...}, cssSelectorsEnabled: true, databaseEnabled: false, goog:chromeOptions: {debuggerAddress: localhost:49303}, handlesAlerts: true, hasTouchScreen: false, javascriptEnabled: true, locationContextEnabled: true, mobileEmulationEnabled: false, nativeEvents: true, networkConnectionEnabled: false, pageLoadStrategy: normal, platform: MAC, platformName: MAC, proxy: Proxy(), rotatable: false, setWindowRect: true, strictFileInteractability: false, takesHeapSnapshot: true, takesScreenshot: true, timeouts: {implicit: 0, pageLoad: 300000, script: 30000}, unexpectedAlertBehaviour: ignore, unhandledPromptBehavior: ignore, version: 73.0.3683.103, webStorageEnabled: true}
Session ID: c97a1bf72f1b517451e3bf967f91b709
at sun.reflect.NativeConstructorAccessorImpl.newInstance0(Native Method)
at sun.reflect.NativeConstructorAccessorImpl.newInstance(NativeConstructorAccessorImpl.java:62)
at sun.reflect.DelegatingConstructorAccessorImpl.newInstance(DelegatingConstructorAccessorImpl.java:45)
at java.lang.reflect.Constructor.newInstance(Constructor.java:423)
at org.openqa.selenium.remote.ErrorHandler.createThrowable(ErrorHandler.java:214)
at org.openqa.selenium.remote.ErrorHandler.throwIfResponseFailed(ErrorHandler.java:166)
at org.openqa.selenium.remote.http.JsonHttpResponseCodec.reconstructValue(JsonHttpResponseCodec.java:40)
at org.openqa.selenium.remote.http.AbstractHttpResponseCodec.decode(AbstractHttpResponseCodec.java:80)
at org.openqa.selenium.remote.http.AbstractHttpResponseCodec.decode(AbstractHttpResponseCodec.java:44)
at org.openqa.selenium.remote.HttpCommandExecutor.execute(HttpCommandExecutor.java:158)
at org.openqa.selenium.remote.service.DriverCommandExecutor.execute(DriverCommandExecutor.java:83)
at org.openqa.selenium.remote.RemoteWebDriver.execute(RemoteWebDriver.java:548)
at org.openqa.selenium.remote.RemoteWebElement.execute(RemoteWebElement.java:276)
at org.openqa.selenium.remote.RemoteWebElement.click(RemoteWebElement.java:83)
at sun.reflect.NativeMethodAccessorImpl.invoke0(Native Method)
at sun.reflect.NativeMethodAccessorImpl.invoke(NativeMethodAccessorImpl.java:62)
at sun.reflect.DelegatingMethodAccessorImpl.invoke(DelegatingMethodAccessorImpl.java:43)
at java.lang.reflect.Method.invoke(Method.java:498)
at org.openqa.selenium.support.pagefactory.internal.LocatingElementHandler.invoke(LocatingElementHandler.java:51)
at com.sun.proxy.$Proxy13.click(Unknown Source)
at driver.WebUtils.clickWithWaitForElement(WebUtils.java:86)
at tests.pages.ContactUsPage.submitData(ContactUsPage.java:164)
at tests.pages.ContactUsPage.contactUSTest(ContactUsPage.java:147)
at tests.ui.ContactUsTests.TestContactUsTestWithMultipleData(ContactUsTests.java:39)
at sun.reflect.NativeMethodAccessorImpl.invoke0(Native Method)
at sun.reflect.NativeMethodAccessorImpl.invoke(NativeMethodAccessorImpl.java:62)
at sun.reflect.DelegatingMethodAccessorImpl.invoke(DelegatingMethodAccessorImpl.java:43)
at java.lang.reflect.Method.invoke(Method.java:498)
at org.testng.internal.MethodInvocationHelper.invokeMethod(MethodInvocationHelper.java:124)
at org.testng.internal.Invoker.invokeMethod(Invoker.java:583)
at org.testng.internal.Invoker.retryFailed(Invoker.java:839)
at org.testng.internal.Invoker.invokeTestMethods(Invoker.java:1010)
at org.testng.internal.TestMethodWorker.invokeTestMethods(TestMethodWorker.java:125)
at org.testng.internal.TestMethodWorker.run(TestMethodWorker.java:109)
at org.testng.TestRunner.privateRun(TestRunner.java:648)
at org.testng.TestRunner.run(TestRunner.java:505)
at org.testng.SuiteRunner.runTest(SuiteRunner.java:455)
at org.testng.SuiteRunner.runSequentially(SuiteRunner.java:450)
at org.testng.SuiteRunner.privateRun(SuiteRunner.java:415)
at org.testng.SuiteRunner.run(SuiteRunner.java:364)
at org.testng.SuiteRunnerWorker.runSuite(SuiteRunnerWorker.java:52)
at org.testng.SuiteRunnerWorker.run(SuiteRunnerWorker.java:84)
at org.testng.TestNG.runSuitesSequentially(TestNG.java:1208)
at org.testng.TestNG.runSuitesLocally(TestNG.java:1137)
at org.testng.TestNG.runSuites(TestNG.java:1049)
at org.testng.TestNG.run(TestNG.java:1017)
at org.apache.maven.surefire.testng.TestNGExecutor.run(TestNGExecutor.java:178)
at org.apache.maven.surefire.testng.TestNGXmlTestSuite.execute(TestNGXmlTestSuite.java:92)
at org.apache.maven.surefire.testng.TestNGProvider.invoke(TestNGProvider.java:96)
at sun.reflect.NativeMethodAccessorImpl.invoke0(Native Method)
at sun.reflect.NativeMethodAccessorImpl.invoke(NativeMethodAccessorImpl.java:62)
at sun.reflect.DelegatingMethodAccessorImpl.invoke(DelegatingMethodAccessorImpl.java:43)
at java.lang.reflect.Method.invoke(Method.java:498)
at org.apache.maven.surefire.util.ReflectionUtils.invokeMethodWithArray2(ReflectionUtils.java:208)
at org.apache.maven.surefire.booter.ProviderFactory$ProviderProxy.invoke(ProviderFactory.java:159)
at org.apache.maven.surefire.booter.ProviderFactory.invokeProvider(ProviderFactory.java:87)
at org.apache.maven.surefire.booter.ForkedBooter.runSuitesInProcess(ForkedBooter.java:153)
at org.apache.maven.surefire.booter.ForkedBooter.main(ForkedBooter.java:95)
]]>
            </full-stacktrace>
          </exception> <!-- org.openqa.selenium.WebDriverException -->
          <reporter-output>
          </reporter-output>
        </test-method> <!-- TestContactUsTestWithMultipleData -->
        <test-method status="PASS" signature="logEndMethod(java.lang.reflect.Method)[pri:0, instance:tests.ui.ContactUsTests@6591f517]" name="logEndMethod" is-config="true" duration-ms="1" started-at="2019-04-17T19:48:39Z" finished-at="2019-04-17T19:48:39Z">
          <params>
            <param index="0">
              <value>
                <![CDATA[public void tests.ui.ContactUsTests.TestContactUsTestWithMultipleData(java.lang.String,java.lang.String,java.lang.String,java.lang.String,java.lang.String,java.lang.String,java.lang.String,java.lang.String,java.lang.String,java.lang.String)]]>
              </value>
            </param>
          </params>
          <reporter-output>
          </reporter-output>
        </test-method> <!-- logEndMethod -->
        <test-method status="PASS" signature="logStartMethod(java.lang.reflect.Method)[pri:0, instance:tests.ui.ContactUsTests@6591f517]" name="logStartMethod" is-config="true" duration-ms="0" started-at="2019-04-17T19:48:39Z" finished-at="2019-04-17T19:48:39Z">
          <params>
            <param index="0">
              <value>
                <![CDATA[public void tests.ui.ContactUsTests.TestContactUsTestWithMultipleData(java.lang.String,java.lang.String,java.lang.String,java.lang.String,java.lang.String,java.lang.String,java.lang.String,java.lang.String,java.lang.String,java.lang.String)]]>
              </value>
            </param>
          </params>
          <reporter-output>
          </reporter-output>
        </test-method> <!-- logStartMethod -->
        <test-method status="PASS" signature="beforeMethod()[pri:0, instance:tests.ui.ContactUsTests@6591f517]" name="beforeMethod" is-config="true" duration-ms="1543" started-at="2019-04-17T19:48:39Z" finished-at="2019-04-17T19:48:40Z">
          <reporter-output>
          </reporter-output>
        </test-method> <!-- beforeMethod -->
        <test-method status="PASS" signature="TestContactUsTestWithMultipleData(java.lang.String, java.lang.String, java.lang.String, java.lang.String, java.lang.String, java.lang.String, java.lang.String, java.lang.String, java.lang.String, java.lang.String)[pri:0, instance:tests.ui.ContactUsTests@6591f517]" name="TestContactUsTestWithMultipleData" duration-ms="3230" started-at="2019-04-17T19:48:40Z" data-provider="getData" finished-at="2019-04-17T19:48:44Z">
          <params>
            <param index="0">
              <value>
                <![CDATA[Ravi]]>
              </value>
            </param>
            <param index="1">
              <value>
                <![CDATA[Janrao]]>
              </value>
            </param>
            <param index="2">
              <value>
                <![CDATA[hemant.janrao@gmail.com]]>
              </value>
            </param>
            <param index="3">
              <value>
                <![CDATA[Test company]]>
              </value>
            </param>
            <param index="4">
              <value>
                <![CDATA[http://www.testcompany.com]]>
              </value>
            </param>
            <param index="5">
              <value>
                <![CDATA[true]]>
              </value>
            </param>
            <param index="6">
              <value>
                <![CDATA[Agency]]>
              </value>
            </param>
            <param index="7">
              <value>
                <![CDATA[Nepal]]>
              </value>
            </param>
            <param index="8">
              <value>
                <![CDATA[9130021557]]>
              </value>
            </param>
            <param index="9">
              <value>
                <![CDATA[Test description]]>
              </value>
            </param>
          </params>
          <reporter-output>
          </reporter-output>
        </test-method> <!-- TestContactUsTestWithMultipleData -->
        <test-method status="PASS" signature="logEndMethod(java.lang.reflect.Method)[pri:0, instance:tests.ui.ContactUsTests@6591f517]" name="logEndMethod" is-config="true" duration-ms="0" started-at="2019-04-17T19:48:44Z" finished-at="2019-04-17T19:48:44Z">
          <params>
            <param index="0">
              <value>
                <![CDATA[public void tests.ui.ContactUsTests.TestContactUsTestWithMultipleData(java.lang.String,java.lang.String,java.lang.String,java.lang.String,java.lang.String,java.lang.String,java.lang.String,java.lang.String,java.lang.String,java.lang.String)]]>
              </value>
            </param>
          </params>
          <reporter-output>
          </reporter-output>
        </test-method> <!-- logEndMethod -->
        <test-method status="PASS" signature="logStartMethod(java.lang.reflect.Method)[pri:0, instance:tests.ui.ContactUsTests@6591f517]" name="logStartMethod" is-config="true" duration-ms="0" started-at="2019-04-17T19:48:44Z" finished-at="2019-04-17T19:48:44Z">
          <params>
            <param index="0">
              <value>
                <![CDATA[public void tests.ui.ContactUsTests.TestCreateQueryWithAllFields()]]>
              </value>
            </param>
          </params>
          <reporter-output>
          </reporter-output>
        </test-method> <!-- logStartMethod -->
        <test-method status="PASS" signature="beforeMethod()[pri:0, instance:tests.ui.ContactUsTests@6591f517]" name="beforeMethod" is-config="true" duration-ms="4200" started-at="2019-04-17T19:48:44Z" finished-at="2019-04-17T19:48:48Z">
          <reporter-output>
          </reporter-output>
        </test-method> <!-- beforeMethod -->
        <test-method status="PASS" signature="TestCreateQueryWithAllFields()[pri:0, instance:tests.ui.ContactUsTests@6591f517]" name="TestCreateQueryWithAllFields" duration-ms="2544" started-at="2019-04-17T19:48:48Z" finished-at="2019-04-17T19:48:50Z">
          <reporter-output>
          </reporter-output>
        </test-method> <!-- TestCreateQueryWithAllFields -->
        <test-method status="PASS" signature="logEndMethod(java.lang.reflect.Method)[pri:0, instance:tests.ui.ContactUsTests@6591f517]" name="logEndMethod" is-config="true" duration-ms="0" started-at="2019-04-17T19:48:50Z" finished-at="2019-04-17T19:48:50Z">
          <params>
            <param index="0">
              <value>
                <![CDATA[public void tests.ui.ContactUsTests.TestCreateQueryWithAllFields()]]>
              </value>
            </param>
          </params>
          <reporter-output>
          </reporter-output>
        </test-method> <!-- logEndMethod -->
        <test-method status="PASS" signature="logStartMethod(java.lang.reflect.Method)[pri:0, instance:tests.ui.ContactUsTests@6591f517]" name="logStartMethod" is-config="true" duration-ms="0" started-at="2019-04-17T19:48:50Z" finished-at="2019-04-17T19:48:50Z">
          <params>
            <param index="0">
              <value>
                <![CDATA[public void tests.ui.ContactUsTests.TestCreateQueryWithRequiredFields()]]>
              </value>
            </param>
          </params>
          <reporter-output>
          </reporter-output>
        </test-method> <!-- logStartMethod -->
        <test-method status="PASS" signature="beforeMethod()[pri:0, instance:tests.ui.ContactUsTests@6591f517]" name="beforeMethod" is-config="true" duration-ms="2137" started-at="2019-04-17T19:48:50Z" finished-at="2019-04-17T19:48:52Z">
          <reporter-output>
          </reporter-output>
        </test-method> <!-- beforeMethod -->
        <test-method status="PASS" signature="TestCreateQueryWithRequiredFields()[pri:0, instance:tests.ui.ContactUsTests@6591f517]" name="TestCreateQueryWithRequiredFields" duration-ms="2934" started-at="2019-04-17T19:48:52Z" finished-at="2019-04-17T19:48:55Z">
          <reporter-output>
          </reporter-output>
        </test-method> <!-- TestCreateQueryWithRequiredFields -->
        <test-method status="PASS" signature="logEndMethod(java.lang.reflect.Method)[pri:0, instance:tests.ui.ContactUsTests@6591f517]" name="logEndMethod" is-config="true" duration-ms="0" started-at="2019-04-17T19:48:55Z" finished-at="2019-04-17T19:48:55Z">
          <params>
            <param index="0">
              <value>
                <![CDATA[public void tests.ui.ContactUsTests.TestCreateQueryWithRequiredFields()]]>
              </value>
            </param>
          </params>
          <reporter-output>
          </reporter-output>
        </test-method> <!-- logEndMethod -->
        <test-method status="PASS" signature="logStartMethod(java.lang.reflect.Method)[pri:0, instance:tests.ui.ContactUsTests@6591f517]" name="logStartMethod" is-config="true" duration-ms="0" started-at="2019-04-17T19:48:55Z" finished-at="2019-04-17T19:48:55Z">
          <params>
            <param index="0">
              <value>
                <![CDATA[public void tests.ui.ContactUsTests.TestGotoPrivacyPolicyPage()]]>
              </value>
            </param>
          </params>
          <reporter-output>
          </reporter-output>
        </test-method> <!-- logStartMethod -->
        <test-method status="PASS" signature="beforeMethod()[pri:0, instance:tests.ui.ContactUsTests@6591f517]" name="beforeMethod" is-config="true" duration-ms="2545" started-at="2019-04-17T19:48:55Z" finished-at="2019-04-17T19:48:58Z">
          <reporter-output>
          </reporter-output>
        </test-method> <!-- beforeMethod -->
        <test-method status="PASS" signature="TestGotoPrivacyPolicyPage()[pri:0, instance:tests.ui.ContactUsTests@6591f517]" name="TestGotoPrivacyPolicyPage" duration-ms="1602" started-at="2019-04-17T19:48:58Z" finished-at="2019-04-17T19:49:00Z">
          <reporter-output>
          </reporter-output>
        </test-method> <!-- TestGotoPrivacyPolicyPage -->
        <test-method status="PASS" signature="logEndMethod(java.lang.reflect.Method)[pri:0, instance:tests.ui.ContactUsTests@6591f517]" name="logEndMethod" is-config="true" duration-ms="0" started-at="2019-04-17T19:49:00Z" finished-at="2019-04-17T19:49:00Z">
          <params>
            <param index="0">
              <value>
                <![CDATA[public void tests.ui.ContactUsTests.TestGotoPrivacyPolicyPage()]]>
              </value>
            </param>
          </params>
          <reporter-output>
          </reporter-output>
        </test-method> <!-- logEndMethod -->
        <test-method status="PASS" signature="logStartMethod(java.lang.reflect.Method)[pri:0, instance:tests.ui.ContactUsTests@6591f517]" name="logStartMethod" is-config="true" duration-ms="0" started-at="2019-04-17T19:49:00Z" finished-at="2019-04-17T19:49:00Z">
          <params>
            <param index="0">
              <value>
                <![CDATA[public void tests.ui.ContactUsTests.TestMandatoryFields()]]>
              </value>
            </param>
          </params>
          <reporter-output>
          </reporter-output>
        </test-method> <!-- logStartMethod -->
        <test-method status="PASS" signature="beforeMethod()[pri:0, instance:tests.ui.ContactUsTests@6591f517]" name="beforeMethod" is-config="true" duration-ms="2033" started-at="2019-04-17T19:49:00Z" finished-at="2019-04-17T19:49:02Z">
          <reporter-output>
          </reporter-output>
        </test-method> <!-- beforeMethod -->
        <test-method status="PASS" signature="TestMandatoryFields()[pri:0, instance:tests.ui.ContactUsTests@6591f517]" name="TestMandatoryFields" duration-ms="13325" started-at="2019-04-17T19:49:02Z" finished-at="2019-04-17T19:49:15Z">
          <reporter-output>
          </reporter-output>
        </test-method> <!-- TestMandatoryFields -->
        <test-method status="PASS" signature="logEndMethod(java.lang.reflect.Method)[pri:0, instance:tests.ui.ContactUsTests@6591f517]" name="logEndMethod" is-config="true" duration-ms="0" started-at="2019-04-17T19:49:15Z" finished-at="2019-04-17T19:49:15Z">
          <params>
            <param index="0">
              <value>
                <![CDATA[public void tests.ui.ContactUsTests.TestMandatoryFields()]]>
              </value>
            </param>
          </params>
          <reporter-output>
          </reporter-output>
        </test-method> <!-- logEndMethod -->
        <test-method status="PASS" signature="beforeMethod()[pri:0, instance:tests.ui.ContactUsTests@6591f517]" name="beforeMethod" is-config="true" duration-ms="1398" started-at="2019-04-17T19:49:15Z" finished-at="2019-04-17T19:49:16Z">
          <reporter-output>
          </reporter-output>
        </test-method> <!-- beforeMethod -->
        <test-method status="PASS" signature="logStartMethod(java.lang.reflect.Method)[pri:0, instance:tests.ui.ContactUsTests@6591f517]" name="logStartMethod" is-config="true" duration-ms="0" started-at="2019-04-17T19:49:15Z" finished-at="2019-04-17T19:49:15Z">
          <params>
            <param index="0">
              <value>
                <![CDATA[public void tests.ui.ContactUsTests.TestMoreThan500CharactersNotAllowed()]]>
              </value>
            </param>
          </params>
          <reporter-output>
          </reporter-output>
        </test-method> <!-- logStartMethod -->
        <test-method status="SKIP" signature="TestMoreThan500CharactersNotAllowed()[pri:0, instance:tests.ui.ContactUsTests@6591f517]" name="TestMoreThan500CharactersNotAllowed" duration-ms="1637" started-at="2019-04-17T19:49:16Z" finished-at="2019-04-17T19:49:18Z">
          <exception class="org.openqa.selenium.WebDriverException">
            <message>
              <![CDATA[unknown error: Element <button id="submit-button" name="submit" class="form_button button--blue js-submit-button">...</button> is not clickable at point (1080, 465). Other element would receive the click: <div class="flounder__option" data-index="6" role="option">...</div>
  (Session info: chrome=73.0.3683.103)
  (Driver info: chromedriver=73.0.3683.68 (47787ec04b6e38e22703e856e101e840b65afe72),platform=Mac OS X 10.13.6 x86_64) (WARNING: The server did not provide any stacktrace information)
Command duration or timeout: 0 milliseconds
Build info: version: '3.13.0', revision: '2f0d292', time: '2018-06-25T15:24:21.231Z'
System info: host: 'ALT01722', ip: 'fe80:0:0:0:1c00:29e4:1556:f6ba%en0', os.name: 'Mac OS X', os.arch: 'x86_64', os.version: '10.13.6', java.version: '1.8.0_201'
Driver info: org.openqa.selenium.chrome.ChromeDriver
Capabilities {acceptInsecureCerts: false, acceptSslCerts: false, applicationCacheEnabled: false, browserConnectionEnabled: false, browserName: chrome, chrome: {chromedriverVersion: 73.0.3683.68 (47787ec04b6e3..., userDataDir: /var/folders/_g/dtgs_lxs3qg...}, cssSelectorsEnabled: true, databaseEnabled: false, goog:chromeOptions: {debuggerAddress: localhost:49303}, handlesAlerts: true, hasTouchScreen: false, javascriptEnabled: true, locationContextEnabled: true, mobileEmulationEnabled: false, nativeEvents: true, networkConnectionEnabled: false, pageLoadStrategy: normal, platform: MAC, platformName: MAC, proxy: Proxy(), rotatable: false, setWindowRect: true, strictFileInteractability: false, takesHeapSnapshot: true, takesScreenshot: true, timeouts: {implicit: 0, pageLoad: 300000, script: 30000}, unexpectedAlertBehaviour: ignore, unhandledPromptBehavior: ignore, version: 73.0.3683.103, webStorageEnabled: true}
Session ID: c97a1bf72f1b517451e3bf967f91b709]]>
            </message>
            <full-stacktrace>
              <![CDATA[org.openqa.selenium.WebDriverException: unknown error: Element <button id="submit-button" name="submit" class="form_button button--blue js-submit-button">...</button> is not clickable at point (1080, 465). Other element would receive the click: <div class="flounder__option" data-index="6" role="option">...</div>
  (Session info: chrome=73.0.3683.103)
  (Driver info: chromedriver=73.0.3683.68 (47787ec04b6e38e22703e856e101e840b65afe72),platform=Mac OS X 10.13.6 x86_64) (WARNING: The server did not provide any stacktrace information)
Command duration or timeout: 0 milliseconds
Build info: version: '3.13.0', revision: '2f0d292', time: '2018-06-25T15:24:21.231Z'
System info: host: 'ALT01722', ip: 'fe80:0:0:0:1c00:29e4:1556:f6ba%en0', os.name: 'Mac OS X', os.arch: 'x86_64', os.version: '10.13.6', java.version: '1.8.0_201'
Driver info: org.openqa.selenium.chrome.ChromeDriver
Capabilities {acceptInsecureCerts: false, acceptSslCerts: false, applicationCacheEnabled: false, browserConnectionEnabled: false, browserName: chrome, chrome: {chromedriverVersion: 73.0.3683.68 (47787ec04b6e3..., userDataDir: /var/folders/_g/dtgs_lxs3qg...}, cssSelectorsEnabled: true, databaseEnabled: false, goog:chromeOptions: {debuggerAddress: localhost:49303}, handlesAlerts: true, hasTouchScreen: false, javascriptEnabled: true, locationContextEnabled: true, mobileEmulationEnabled: false, nativeEvents: true, networkConnectionEnabled: false, pageLoadStrategy: normal, platform: MAC, platformName: MAC, proxy: Proxy(), rotatable: false, setWindowRect: true, strictFileInteractability: false, takesHeapSnapshot: true, takesScreenshot: true, timeouts: {implicit: 0, pageLoad: 300000, script: 30000}, unexpectedAlertBehaviour: ignore, unhandledPromptBehavior: ignore, version: 73.0.3683.103, webStorageEnabled: true}
Session ID: c97a1bf72f1b517451e3bf967f91b709
at sun.reflect.NativeConstructorAccessorImpl.newInstance0(Native Method)
at sun.reflect.NativeConstructorAccessorImpl.newInstance(NativeConstructorAccessorImpl.java:62)
at sun.reflect.DelegatingConstructorAccessorImpl.newInstance(DelegatingConstructorAccessorImpl.java:45)
at java.lang.reflect.Constructor.newInstance(Constructor.java:423)
at org.openqa.selenium.remote.ErrorHandler.createThrowable(ErrorHandler.java:214)
at org.openqa.selenium.remote.ErrorHandler.throwIfResponseFailed(ErrorHandler.java:166)
at org.openqa.selenium.remote.http.JsonHttpResponseCodec.reconstructValue(JsonHttpResponseCodec.java:40)
at org.openqa.selenium.remote.http.AbstractHttpResponseCodec.decode(AbstractHttpResponseCodec.java:80)
at org.openqa.selenium.remote.http.AbstractHttpResponseCodec.decode(AbstractHttpResponseCodec.java:44)
at org.openqa.selenium.remote.HttpCommandExecutor.execute(HttpCommandExecutor.java:158)
at org.openqa.selenium.remote.service.DriverCommandExecutor.execute(DriverCommandExecutor.java:83)
at org.openqa.selenium.remote.RemoteWebDriver.execute(RemoteWebDriver.java:548)
at org.openqa.selenium.remote.RemoteWebElement.execute(RemoteWebElement.java:276)
at org.openqa.selenium.remote.RemoteWebElement.click(RemoteWebElement.java:83)
at sun.reflect.NativeMethodAccessorImpl.invoke0(Native Method)
at sun.reflect.NativeMethodAccessorImpl.invoke(NativeMethodAccessorImpl.java:62)
at sun.reflect.DelegatingMethodAccessorImpl.invoke(DelegatingMethodAccessorImpl.java:43)
at java.lang.reflect.Method.invoke(Method.java:498)
at org.openqa.selenium.support.pagefactory.internal.LocatingElementHandler.invoke(LocatingElementHandler.java:51)
at com.sun.proxy.$Proxy13.click(Unknown Source)
at driver.WebUtils.clickWithWaitForElement(WebUtils.java:86)
at tests.pages.ContactUsPage.submitData(ContactUsPage.java:164)
at tests.pages.ContactUsPage.contactUSTest(ContactUsPage.java:147)
at tests.ui.ContactUsTests.TestMoreThan500CharactersNotAllowed(ContactUsTests.java:132)
at sun.reflect.NativeMethodAccessorImpl.invoke0(Native Method)
at sun.reflect.NativeMethodAccessorImpl.invoke(NativeMethodAccessorImpl.java:62)
at sun.reflect.DelegatingMethodAccessorImpl.invoke(DelegatingMethodAccessorImpl.java:43)
at java.lang.reflect.Method.invoke(Method.java:498)
at org.testng.internal.MethodInvocationHelper.invokeMethod(MethodInvocationHelper.java:124)
at org.testng.internal.Invoker.invokeMethod(Invoker.java:583)
at org.testng.internal.Invoker.invokeTestMethod(Invoker.java:719)
at org.testng.internal.Invoker.invokeTestMethods(Invoker.java:989)
at org.testng.internal.TestMethodWorker.invokeTestMethods(TestMethodWorker.java:125)
at org.testng.internal.TestMethodWorker.run(TestMethodWorker.java:109)
at org.testng.TestRunner.privateRun(TestRunner.java:648)
at org.testng.TestRunner.run(TestRunner.java:505)
at org.testng.SuiteRunner.runTest(SuiteRunner.java:455)
at org.testng.SuiteRunner.runSequentially(SuiteRunner.java:450)
at org.testng.SuiteRunner.privateRun(SuiteRunner.java:415)
at org.testng.SuiteRunner.run(SuiteRunner.java:364)
at org.testng.SuiteRunnerWorker.runSuite(SuiteRunnerWorker.java:52)
at org.testng.SuiteRunnerWorker.run(SuiteRunnerWorker.java:84)
at org.testng.TestNG.runSuitesSequentially(TestNG.java:1208)
at org.testng.TestNG.runSuitesLocally(TestNG.java:1137)
at org.testng.TestNG.runSuites(TestNG.java:1049)
at org.testng.TestNG.run(TestNG.java:1017)
at org.apache.maven.surefire.testng.TestNGExecutor.run(TestNGExecutor.java:178)
at org.apache.maven.surefire.testng.TestNGXmlTestSuite.execute(TestNGXmlTestSuite.java:92)
at org.apache.maven.surefire.testng.TestNGProvider.invoke(TestNGProvider.java:96)
at sun.reflect.NativeMethodAccessorImpl.invoke0(Native Method)
at sun.reflect.NativeMethodAccessorImpl.invoke(NativeMethodAccessorImpl.java:62)
at sun.reflect.DelegatingMethodAccessorImpl.invoke(DelegatingMethodAccessorImpl.java:43)
at java.lang.reflect.Method.invoke(Method.java:498)
at org.apache.maven.surefire.util.ReflectionUtils.invokeMethodWithArray2(ReflectionUtils.java:208)
at org.apache.maven.surefire.booter.ProviderFactory$ProviderProxy.invoke(ProviderFactory.java:159)
at org.apache.maven.surefire.booter.ProviderFactory.invokeProvider(ProviderFactory.java:87)
at org.apache.maven.surefire.booter.ForkedBooter.runSuitesInProcess(ForkedBooter.java:153)
at org.apache.maven.surefire.booter.ForkedBooter.main(ForkedBooter.java:95)
]]>
            </full-stacktrace>
          </exception> <!-- org.openqa.selenium.WebDriverException -->
          <reporter-output>
          </reporter-output>
        </test-method> <!-- TestMoreThan500CharactersNotAllowed -->
        <test-method status="PASS" signature="logStartMethod(java.lang.reflect.Method)[pri:0, instance:tests.ui.ContactUsTests@6591f517]" name="logStartMethod" is-config="true" duration-ms="0" started-at="2019-04-17T19:49:19Z" finished-at="2019-04-17T19:49:19Z">
          <params>
            <param index="0">
              <value>
                <![CDATA[public void tests.ui.ContactUsTests.TestMoreThan500CharactersNotAllowed()]]>
              </value>
            </param>
          </params>
          <reporter-output>
          </reporter-output>
        </test-method> <!-- logStartMethod -->
        <test-method status="PASS" signature="logEndMethod(java.lang.reflect.Method)[pri:0, instance:tests.ui.ContactUsTests@6591f517]" name="logEndMethod" is-config="true" duration-ms="0" started-at="2019-04-17T19:49:19Z" finished-at="2019-04-17T19:49:19Z">
          <params>
            <param index="0">
              <value>
                <![CDATA[public void tests.ui.ContactUsTests.TestMoreThan500CharactersNotAllowed()]]>
              </value>
            </param>
          </params>
          <reporter-output>
          </reporter-output>
        </test-method> <!-- logEndMethod -->
        <test-method status="PASS" signature="beforeMethod()[pri:0, instance:tests.ui.ContactUsTests@6591f517]" name="beforeMethod" is-config="true" duration-ms="1736" started-at="2019-04-17T19:49:19Z" finished-at="2019-04-17T19:49:21Z">
          <reporter-output>
          </reporter-output>
        </test-method> <!-- beforeMethod -->
        <test-method status="PASS" signature="TestMoreThan500CharactersNotAllowed()[pri:0, instance:tests.ui.ContactUsTests@6591f517]" name="TestMoreThan500CharactersNotAllowed" duration-ms="14564" started-at="2019-04-17T19:49:21Z" finished-at="2019-04-17T19:49:35Z">
          <reporter-output>
          </reporter-output>
        </test-method> <!-- TestMoreThan500CharactersNotAllowed -->
        <test-method status="PASS" signature="logEndMethod(java.lang.reflect.Method)[pri:0, instance:tests.ui.ContactUsTests@6591f517]" name="logEndMethod" is-config="true" duration-ms="1" started-at="2019-04-17T19:49:35Z" finished-at="2019-04-17T19:49:35Z">
          <params>
            <param index="0">
              <value>
                <![CDATA[public void tests.ui.ContactUsTests.TestMoreThan500CharactersNotAllowed()]]>
              </value>
            </param>
          </params>
          <reporter-output>
          </reporter-output>
        </test-method> <!-- logEndMethod -->
        <test-method status="PASS" signature="afterTests()[pri:0, instance:tests.ui.ContactUsTests@6591f517]" name="afterTests" is-config="true" duration-ms="102" started-at="2019-04-17T19:49:35Z" finished-at="2019-04-17T19:49:35Z">
          <reporter-output>
          </reporter-output>
        </test-method> <!-- afterTests -->
        <test-method status="PASS" signature="destroyDriver()[pri:0, instance:tests.ui.ContactUsTests@6591f517]" name="destroyDriver" is-config="true" duration-ms="0" started-at="2019-04-17T19:49:35Z" finished-at="2019-04-17T19:49:35Z">
          <reporter-output>
          </reporter-output>
        </test-method> <!-- destroyDriver -->
        <test-method status="PASS" signature="baseTestAfterClass()[pri:0, instance:tests.ui.ContactUsTests@6591f517]" name="baseTestAfterClass" is-config="true" duration-ms="1" started-at="2019-04-17T19:49:35Z" finished-at="2019-04-17T19:49:35Z">
          <reporter-output>
          </reporter-output>
        </test-method> <!-- baseTestAfterClass -->
      </class> <!-- tests.ui.ContactUsTests -->
    </test> <!-- all-tests -->
  </suite> <!-- Suite2 -->
</testng-results>
