-------------------------------------------------------------------------------
Test set: TestSuite
-------------------------------------------------------------------------------
Tests run: 18, Failures: 9, Errors: 0, Skipped: 9, Time elapsed: 9.45 sec <<< FAILURE!
beforeClass(tests.ui.ContactUsTests)  Time elapsed: 8.959 sec  <<< FAILURE!
org.openqa.selenium.NoSuchWindowException: no such window: target window already closed
from unknown error: web view not found
  (Session info: chrome with embedded Chromium 73.0.3683.86)
  (Driver info: OperaDriver=2.45.3255 (O60),platform=Mac OS X 10.13.6 x86_64) (WARNING: The server did not provide any stacktrace information)
Command duration or timeout: 0 milliseconds
Build info: version: '3.13.0', revision: '2f0d292', time: '2018-06-25T15:24:21.231Z'
System info: host: 'ALT01722', ip: 'fe80:0:0:0:4fc:520b:8364:dc56%en0', os.name: 'Mac OS X', os.arch: 'x86_64', os.version: '10.13.6', java.version: '1.8.0_201'
Driver info: org.openqa.selenium.opera.OperaDriver
Capabilities {acceptInsecureCerts: false, acceptSslCerts: false, applicationCacheEnabled: false, browserConnectionEnabled: false, browserName: chrome, chrome: {chromedriverVersion: 2.45.3255 (O60), userDataDir: /var/folders/_g/dtgs_lxs3qg...}, cssSelectorsEnabled: true, databaseEnabled: false, goog:chromeOptions: {debuggerAddress: localhost:49647}, handlesAlerts: true, hasTouchScreen: false, javascriptEnabled: true, locationContextEnabled: true, mobileEmulationEnabled: false, nativeEvents: true, networkConnectionEnabled: false, pageLoadStrategy: normal, platform: MAC, platformName: MAC, proxy: Proxy(), rotatable: false, setWindowRect: true, strictFileInteractability: false, takesHeapSnapshot: true, takesScreenshot: true, timeouts: {implicit: 0, pageLoad: 300000, script: 30000}, unexpectedAlertBehaviour: ignore, unhandledPromptBehavior: ignore, version: 73.0.3683.86, webStorageEnabled: true}
Session ID: 40e1a30715bd48017cd2beb3486e136b
	at sun.reflect.NativeConstructorAccessorImpl.newInstance0(Native Method)
	at sun.reflect.NativeConstructorAccessorImpl.newInstance(NativeConstructorAccessorImpl.java:62)
	at sun.reflect.DelegatingConstructorAccessorImpl.newInstance(DelegatingConstructorAccessorImpl.java:45)
	at java.lang.reflect.Constructor.newInstance(Constructor.java:423)
	at org.openqa.selenium.remote.ErrorHandler.createThrowable(ErrorHandler.java:214)
	at org.openqa.selenium.remote.ErrorHandler.throwIfResponseFailed(ErrorHandler.java:166)
	at org.openqa.selenium.remote.http.JsonHttpResponseCodec.reconstructValue(JsonHttpResponseCodec.java:40)
	at org.openqa.selenium.remote.http.AbstractHttpResponseCodec.decode(AbstractHttpResponseCodec.java:80)
	at org.openqa.selenium.remote.http.AbstractHttpResponseCodec.decode(AbstractHttpResponseCodec.java:44)
	at org.openqa.selenium.remote.HttpCommandExecutor.execute(HttpCommandExecutor.java:158)
	at org.openqa.selenium.remote.service.DriverCommandExecutor.execute(DriverCommandExecutor.java:83)
	at org.openqa.selenium.remote.RemoteWebDriver.execute(RemoteWebDriver.java:548)
	at org.openqa.selenium.remote.RemoteWebDriver.execute(RemoteWebDriver.java:605)
	at org.openqa.selenium.remote.RemoteWebDriver$RemoteTargetLocator.alert(RemoteWebDriver.java:928)
	at base.BasePage.acceptAlertIfPresent(BasePage.java:35)
	at base.BasePage.navigateTo(BasePage.java:55)
	at tests.ui.ContactUsTests.beforeClass(ContactUsTests.java:23)

beforeMethod(tests.ui.ContactUsTests)  Time elapsed: 9.027 sec  <<< FAILURE!
java.lang.NullPointerException: null
	at tests.ui.ContactUsTests.beforeMethod(ContactUsTests.java:29)

beforeMethod(tests.ui.ContactUsTests)  Time elapsed: 9.18 sec  <<< FAILURE!
java.lang.NullPointerException: null
	at tests.ui.ContactUsTests.beforeMethod(ContactUsTests.java:29)

beforeMethod(tests.ui.ContactUsTests)  Time elapsed: 9.187 sec  <<< FAILURE!
java.lang.NullPointerException: null
	at tests.ui.ContactUsTests.beforeMethod(ContactUsTests.java:29)

beforeMethod(tests.ui.ContactUsTests)  Time elapsed: 9.194 sec  <<< FAILURE!
java.lang.NullPointerException: null
	at tests.ui.ContactUsTests.beforeMethod(ContactUsTests.java:29)

beforeMethod(tests.ui.ContactUsTests)  Time elapsed: 9.2 sec  <<< FAILURE!
java.lang.NullPointerException: null
	at tests.ui.ContactUsTests.beforeMethod(ContactUsTests.java:29)

beforeMethod(tests.ui.ContactUsTests)  Time elapsed: 9.206 sec  <<< FAILURE!
java.lang.NullPointerException: null
	at tests.ui.ContactUsTests.beforeMethod(ContactUsTests.java:29)

beforeMethod(tests.ui.ContactUsTests)  Time elapsed: 9.212 sec  <<< FAILURE!
java.lang.NullPointerException: null
	at tests.ui.ContactUsTests.beforeMethod(ContactUsTests.java:29)

beforeMethod(tests.ui.ContactUsTests)  Time elapsed: 9.219 sec  <<< FAILURE!
java.lang.NullPointerException: null
	at tests.ui.ContactUsTests.beforeMethod(ContactUsTests.java:29)

