<?xml version="1.0" encoding="UTF-8"?>
<!-- Generated by org.testng.reporters.JUnitXMLReporter -->
<testsuite hostname="ALT01722" ignored="0" name="all-tests" tests="12" failures="1" timestamp="17 Apr 2019 19:50:19 GMT" time="144.672" errors="0">
  <testcase name="TestContactUsEmailLabelText" time="0.099" classname="tests.ui.ContactUsTests"/>
  <testcase name="TestContactUsTestWithMultipleData" time="3.695" classname="tests.ui.ContactUsTests">
    <skipped/>
  </testcase> <!-- TestContactUsTestWithMultipleData -->
  <testcase name="TestContactUsTestWithMultipleData" time="1.28" classname="tests.ui.ContactUsTests">
    <failure type="org.openqa.selenium.WebDriverException" message="unknown error: Element &amp;lt;button id=&amp;quot;submit-button&amp;quot; name=&amp;quot;submit&amp;quot; class=&amp;quot;form_button button--blue js-submit-button&amp;quot;&amp;gt;...&amp;lt;/button&amp;gt; is not clickable at point (1080, 465). Other element would receive the click: &amp;lt;div class=&amp;quot;flounder__option&amp;quot; data-index=&amp;quot;6&amp;quot; role=&amp;quot;option&amp;quot;&amp;gt;...&amp;lt;/div&amp;gt;
  (Session info: chrome=73.0.3683.103)
  (Driver info: chromedriver=73.0.3683.68 (47787ec04b6e38e22703e856e101e840b65afe72),platform=Mac OS X 10.13.6 x86_64) (WARNING: The server did not provide any stacktrace information)
Command duration or timeout: 0 milliseconds
Build info: version: &amp;apos;3.13.0&amp;apos;, revision: &amp;apos;2f0d292&amp;apos;, time: &amp;apos;2018-06-25T15:24:21.231Z&amp;apos;
System info: host: &amp;apos;ALT01722&amp;apos;, ip: &amp;apos;fe80:0:0:0:1c00:29e4:1556:f6ba%en0&amp;apos;, os.name: &amp;apos;Mac OS X&amp;apos;, os.arch: &amp;apos;x86_64&amp;apos;, os.version: &amp;apos;10.13.6&amp;apos;, java.version: &amp;apos;1.8.0_201&amp;apos;
Driver info: org.openqa.selenium.chrome.ChromeDriver
Capabilities {acceptInsecureCerts: false, acceptSslCerts: false, applicationCacheEnabled: false, browserConnectionEnabled: false, browserName: chrome, chrome: {chromedriverVersion: 73.0.3683.68 (47787ec04b6e3..., userDataDir: /var/folders/_g/dtgs_lxs3qg...}, cssSelectorsEnabled: true, databaseEnabled: false, goog:chromeOptions: {debuggerAddress: localhost:49303}, handlesAlerts: true, hasTouchScreen: false, javascriptEnabled: true, locationContextEnabled: true, mobileEmulationEnabled: false, nativeEvents: true, networkConnectionEnabled: false, pageLoadStrategy: normal, platform: MAC, platformName: MAC, proxy: Proxy(), rotatable: false, setWindowRect: true, strictFileInteractability: false, takesHeapSnapshot: true, takesScreenshot: true, timeouts: {implicit: 0, pageLoad: 300000, script: 30000}, unexpectedAlertBehaviour: ignore, unhandledPromptBehavior: ignore, version: 73.0.3683.103, webStorageEnabled: true}
Session ID: c97a1bf72f1b517451e3bf967f91b709">
      <![CDATA[org.openqa.selenium.WebDriverException: unknown error: Element <button id="submit-button" name="submit" class="form_button button--blue js-submit-button">...</button> is not clickable at point (1080, 465). Other element would receive the click: <div class="flounder__option" data-index="6" role="option">...</div>
  (Session info: chrome=73.0.3683.103)
  (Driver info: chromedriver=73.0.3683.68 (47787ec04b6e38e22703e856e101e840b65afe72),platform=Mac OS X 10.13.6 x86_64) (WARNING: The server did not provide any stacktrace information)
Command duration or timeout: 0 milliseconds
Build info: version: '3.13.0', revision: '2f0d292', time: '2018-06-25T15:24:21.231Z'
System info: host: 'ALT01722', ip: 'fe80:0:0:0:1c00:29e4:1556:f6ba%en0', os.name: 'Mac OS X', os.arch: 'x86_64', os.version: '10.13.6', java.version: '1.8.0_201'
Driver info: org.openqa.selenium.chrome.ChromeDriver
Capabilities {acceptInsecureCerts: false, acceptSslCerts: false, applicationCacheEnabled: false, browserConnectionEnabled: false, browserName: chrome, chrome: {chromedriverVersion: 73.0.3683.68 (47787ec04b6e3..., userDataDir: /var/folders/_g/dtgs_lxs3qg...}, cssSelectorsEnabled: true, databaseEnabled: false, goog:chromeOptions: {debuggerAddress: localhost:49303}, handlesAlerts: true, hasTouchScreen: false, javascriptEnabled: true, locationContextEnabled: true, mobileEmulationEnabled: false, nativeEvents: true, networkConnectionEnabled: false, pageLoadStrategy: normal, platform: MAC, platformName: MAC, proxy: Proxy(), rotatable: false, setWindowRect: true, strictFileInteractability: false, takesHeapSnapshot: true, takesScreenshot: true, timeouts: {implicit: 0, pageLoad: 300000, script: 30000}, unexpectedAlertBehaviour: ignore, unhandledPromptBehavior: ignore, version: 73.0.3683.103, webStorageEnabled: true}
Session ID: c97a1bf72f1b517451e3bf967f91b709
at org.openqa.selenium.remote.ErrorHandler.createThrowable(ErrorHandler.java:214)
at org.openqa.selenium.remote.ErrorHandler.throwIfResponseFailed(ErrorHandler.java:166)
at org.openqa.selenium.remote.http.JsonHttpResponseCodec.reconstructValue(JsonHttpResponseCodec.java:40)
at org.openqa.selenium.remote.http.AbstractHttpResponseCodec.decode(AbstractHttpResponseCodec.java:80)
at org.openqa.selenium.remote.http.AbstractHttpResponseCodec.decode(AbstractHttpResponseCodec.java:44)
at org.openqa.selenium.remote.HttpCommandExecutor.execute(HttpCommandExecutor.java:158)
at org.openqa.selenium.remote.service.DriverCommandExecutor.execute(DriverCommandExecutor.java:83)
at org.openqa.selenium.remote.RemoteWebDriver.execute(RemoteWebDriver.java:548)
at org.openqa.selenium.remote.RemoteWebElement.execute(RemoteWebElement.java:276)
at org.openqa.selenium.remote.RemoteWebElement.click(RemoteWebElement.java:83)
at org.openqa.selenium.support.pagefactory.internal.LocatingElementHandler.invoke(LocatingElementHandler.java:51)
at com.sun.proxy.$Proxy13.click(Unknown Source)
at driver.WebUtils.clickWithWaitForElement(WebUtils.java:86)
at tests.pages.ContactUsPage.submitData(ContactUsPage.java:164)
at tests.pages.ContactUsPage.contactUSTest(ContactUsPage.java:147)
at tests.ui.ContactUsTests.TestContactUsTestWithMultipleData(ContactUsTests.java:39)
... Removed 42 stack frames]]>
    </failure>
  </testcase> <!-- TestContactUsTestWithMultipleData -->
  <testcase name="TestContactUsTestWithMultipleData" time="3.23" classname="tests.ui.ContactUsTests"/>
  <testcase name="TestCreateQueryWithAllFields" time="2.544" classname="tests.ui.ContactUsTests"/>
  <testcase name="TestCreateQueryWithRequiredFields" time="2.934" classname="tests.ui.ContactUsTests"/>
  <testcase name="TestGotoPrivacyPolicyPage" time="1.602" classname="tests.ui.ContactUsTests"/>
  <testcase name="TestMandatoryFields" time="13.325" classname="tests.ui.ContactUsTests"/>
  <testcase name="TestMoreThan500CharactersNotAllowed" time="1.637" classname="tests.ui.ContactUsTests">
    <skipped/>
  </testcase> <!-- TestMoreThan500CharactersNotAllowed -->
  <testcase name="TestMoreThan500CharactersNotAllowed" time="14.564" classname="tests.ui.ContactUsTests"/>
  <testcase name="TestNavigateFromContactMenuOption" time="3.4" classname="tests.ui.LandingPageTests"/>
  <testcase name="TestNavigateFromContactUsLink" time="1.818" classname="tests.ui.LandingPageTests"/>
</testsuite> <!-- all-tests -->
